Loading python/3.13.5/6anz4qy
  Loading requirement: glibc/2.31/nm2n32h gcc-runtime/12.1.0/usjy2ic
    libffi/3.4.8/ziui3vo libmd/1.1.0/deudaia libbsd/0.12.2/thxog4e
    expat/2.7.1/y3t2i4o xz/5.6.3/s23r47p bzip2/1.0.8/hgl2yia
    ncurses/6.5-20250705/t2t6syg readline/8.3/ba5ygrf gdbm/1.25/rxdwacy
    zlib-ng/2.1.5/lovduqa sqlite/3.50.4/4y4gnzf openssl/3.4.1/kmahmzy
    pigz/2.8/64df7sj zstd/1.5.5/iweeuye libiconv/1.18/656ulrj tar/1.35/plncefw
    libxml2/2.13.5/iwuov3b gettext/0.23.1/vkmlryf util-linux-uuid/2.41/patg7c6
/home/atiwari/Annealing_Experiment/Experiments/run_models.py
/home/atiwari/Annealing_Experiment/Experiments/run_models.py --dataset spiral --latent-ode --spiral -n 1000 -b 100 --niters 100 --lr 0.01 --timepoints 50 --max-t 18.85 --noise-weight 0.1 --latents 6 --save /home/atiwari/Annealing_Experiment/ODE-RNN_Results/niters-100_lr-0.01_latents-6_tp-50_noise-0.1
Experiment 99443
/home/atiwari/Annealing_Experiment/.venv/lib/python3.13/site-packages/torchdiffeq/_impl/misc.py:306: UserWarning: t is not on the same device as y0. Coercing to y0.device.
  warnings.warn("t is not on the same device as y0. Coercing to y0.device.")
Epoch 0001 | test_loss 21106.9336 | test_ll -21126.0117 | test_mse 4.2259 | kl 9.1317 | fp_std 0.5962 | train_loss 21532.5000 | kl_coef 0.0000
Test MSE: 4.2259
Epoch 0002 | test_loss 17331.0840 | test_ll -17351.4375 | test_mse 3.4710 | kl 15.7487 | fp_std 0.6273 | train_loss 17479.8926 | kl_coef 0.0000
Test MSE: 3.4710
Epoch 0003 | test_loss 16454.2207 | test_ll -16459.4258 | test_mse 3.2926 | kl 22.1376 | fp_std 0.4583 | train_loss 16163.0371 | kl_coef 0.0000
Test MSE: 3.2926
Epoch 0004 | test_loss 16477.4180 | test_ll -16484.5625 | test_mse 3.2976 | kl 24.8447 | fp_std 0.4665 | train_loss 16165.2051 | kl_coef 0.0000
Test MSE: 3.2976
Epoch 0005 | test_loss 16345.6074 | test_ll -16349.0117 | test_mse 3.2705 | kl 25.1234 | fp_std 0.4293 | train_loss 16077.0723 | kl_coef 0.0000
Test MSE: 3.2705
Epoch 0006 | test_loss 16284.4258 | test_ll -16300.0020 | test_mse 3.2607 | kl 24.4951 | fp_std 0.4173 | train_loss 16065.5693 | kl_coef 0.0000
Test MSE: 3.2607
Epoch 0007 | test_loss 16277.7959 | test_ll -16284.7715 | test_mse 3.2577 | kl 24.7074 | fp_std 0.3379 | train_loss 16019.5039 | kl_coef 0.0000
Test MSE: 3.2577
Epoch 0008 | test_loss 16248.7920 | test_ll -16254.1172 | test_mse 3.2516 | kl 25.3761 | fp_std 0.2881 | train_loss 15981.9746 | kl_coef 0.0000
Test MSE: 3.2516
Epoch 0009 | test_loss 16229.0625 | test_ll -16234.5654 | test_mse 3.2477 | kl 25.0053 | fp_std 0.3177 | train_loss 15945.3301 | kl_coef 0.0000
Test MSE: 3.2477
Epoch 0010 | test_loss 16225.7607 | test_ll -16230.0586 | test_mse 3.2467 | kl 24.8689 | fp_std 0.2979 | train_loss 15898.5645 | kl_coef 0.0000
Test MSE: 3.2467
Epoch 0011 | test_loss 16194.8818 | test_ll -16202.4199 | test_mse 3.2412 | kl 24.7494 | fp_std 0.3148 | train_loss 15887.4707 | kl_coef 0.0100
Test MSE: 3.2412
Epoch 0012 | test_loss 16175.5078 | test_ll -16184.5732 | test_mse 3.2377 | kl 24.5450 | fp_std 0.3235 | train_loss 15875.8740 | kl_coef 0.0199
Test MSE: 3.2377
Epoch 0013 | test_loss 16165.3682 | test_ll -16177.1318 | test_mse 3.2362 | kl 24.2951 | fp_std 0.3216 | train_loss 15868.6553 | kl_coef 0.0297
Test MSE: 3.2362
Epoch 0014 | test_loss 16151.2607 | test_ll -16153.7529 | test_mse 3.2315 | kl 24.6852 | fp_std 0.2713 | train_loss 15825.6309 | kl_coef 0.0394
Test MSE: 3.2315
Epoch 0015 | test_loss 16127.0830 | test_ll -16130.5186 | test_mse 3.2268 | kl 24.4165 | fp_std 0.2792 | train_loss 15798.2617 | kl_coef 0.0490
Test MSE: 3.2268
Epoch 0016 | test_loss 16088.6055 | test_ll -16107.2646 | test_mse 3.2222 | kl 23.8755 | fp_std 0.2988 | train_loss 15731.9844 | kl_coef 0.0585
Test MSE: 3.2222
Epoch 0017 | test_loss 16036.3916 | test_ll -16055.7646 | test_mse 3.2119 | kl 23.6830 | fp_std 0.3126 | train_loss 15687.1855 | kl_coef 0.0679
Test MSE: 3.2119
Epoch 0018 | test_loss 15951.5205 | test_ll -15952.3730 | test_mse 3.1912 | kl 23.4266 | fp_std 0.3195 | train_loss 15600.3389 | kl_coef 0.0773
Test MSE: 3.1912
Epoch 0019 | test_loss 15792.8984 | test_ll -15807.4805 | test_mse 3.1622 | kl 23.1153 | fp_std 0.3258 | train_loss 15458.3516 | kl_coef 0.0865
Test MSE: 3.1622
Epoch 0020 | test_loss 15580.2529 | test_ll -15600.5029 | test_mse 3.1208 | kl 22.3336 | fp_std 0.3604 | train_loss 15332.6592 | kl_coef 0.0956
Test MSE: 3.1208
Epoch 0021 | test_loss 15436.8096 | test_ll -15444.0000 | test_mse 3.0895 | kl 22.7162 | fp_std 0.3417 | train_loss 15151.8359 | kl_coef 0.1047
Test MSE: 3.0895
Epoch 0022 | test_loss 15167.0674 | test_ll -15184.9980 | test_mse 3.0377 | kl 22.9366 | fp_std 0.3111 | train_loss 14894.8672 | kl_coef 0.1136
Test MSE: 3.0377
Epoch 0023 | test_loss 14901.9023 | test_ll -14909.9668 | test_mse 2.9827 | kl 22.6952 | fp_std 0.3145 | train_loss 14661.0527 | kl_coef 0.1225
Test MSE: 2.9827
Epoch 0024 | test_loss 14469.8184 | test_ll -14496.0938 | test_mse 2.9000 | kl 22.2220 | fp_std 0.3153 | train_loss 14359.2734 | kl_coef 0.1313
Test MSE: 2.9000
Epoch 0025 | test_loss 14150.1670 | test_ll -14168.5967 | test_mse 2.8345 | kl 22.4233 | fp_std 0.2994 | train_loss 13962.4629 | kl_coef 0.1399
Test MSE: 2.8345
Epoch 0026 | test_loss 14422.0078 | test_ll -14447.5996 | test_mse 2.8903 | kl 22.0165 | fp_std 0.3195 | train_loss 13550.6318 | kl_coef 0.1485
Test MSE: 2.8903
Epoch 0027 | test_loss 13613.0918 | test_ll -13628.2930 | test_mse 2.7264 | kl 22.0337 | fp_std 0.2930 | train_loss 13141.9453 | kl_coef 0.1571
Test MSE: 2.7264
Epoch 0028 | test_loss 12939.8945 | test_ll -12971.2725 | test_mse 2.5950 | kl 22.5647 | fp_std 0.2700 | train_loss 12829.6992 | kl_coef 0.1655
Test MSE: 2.5950
Epoch 0029 | test_loss 12744.4590 | test_ll -12797.1855 | test_mse 2.5602 | kl 22.8636 | fp_std 0.2207 | train_loss 12317.9307 | kl_coef 0.1738
Test MSE: 2.5602
Epoch 0030 | test_loss 11720.5176 | test_ll -11740.9092 | test_mse 2.3489 | kl 22.6919 | fp_std 0.2212 | train_loss 11768.0400 | kl_coef 0.1821
Test MSE: 2.3489
Epoch 0031 | test_loss 11377.6240 | test_ll -11403.3418 | test_mse 2.2814 | kl 22.6784 | fp_std 0.1992 | train_loss 11377.1514 | kl_coef 0.1903
Test MSE: 2.2814
Epoch 0032 | test_loss 11895.4463 | test_ll -11941.5605 | test_mse 2.3890 | kl 21.4268 | fp_std 0.2631 | train_loss 11222.1670 | kl_coef 0.1984
Test MSE: 2.3890
Epoch 0033 | test_loss 11707.1064 | test_ll -11726.7803 | test_mse 2.3461 | kl 22.2334 | fp_std 0.2293 | train_loss 11593.4551 | kl_coef 0.2064
Test MSE: 2.3461
Epoch 0034 | test_loss 10899.9443 | test_ll -10906.7139 | test_mse 2.1821 | kl 22.9347 | fp_std 0.2031 | train_loss 10433.3262 | kl_coef 0.2143
Test MSE: 2.1821
Epoch 0035 | test_loss 10308.5000 | test_ll -10308.2207 | test_mse 2.0624 | kl 23.1811 | fp_std 0.1864 | train_loss 10290.4023 | kl_coef 0.2222
Test MSE: 2.0624
Epoch 0036 | test_loss 9716.3008 | test_ll -9749.0889 | test_mse 1.9506 | kl 22.8386 | fp_std 0.1966 | train_loss 9759.6074 | kl_coef 0.2300
Test MSE: 1.9506
Epoch 0037 | test_loss 9761.8750 | test_ll -9781.6621 | test_mse 1.9571 | kl 23.1192 | fp_std 0.1745 | train_loss 10940.0244 | kl_coef 0.2377
Test MSE: 1.9571
Epoch 0038 | test_loss 9736.7246 | test_ll -9760.5127 | test_mse 1.9528 | kl 22.8996 | fp_std 0.2412 | train_loss 9807.6436 | kl_coef 0.2453
Test MSE: 1.9528
Epoch 0039 | test_loss 9498.4473 | test_ll -9534.6123 | test_mse 1.9077 | kl 22.4835 | fp_std 0.1701 | train_loss 9351.2041 | kl_coef 0.2528
Test MSE: 1.9077
Epoch 0040 | test_loss 9019.6230 | test_ll -9046.3359 | test_mse 1.8100 | kl 21.4113 | fp_std 0.1964 | train_loss 9263.4863 | kl_coef 0.2603
Test MSE: 1.8100
Epoch 0041 | test_loss 8270.0146 | test_ll -8289.6348 | test_mse 1.6587 | kl 21.4764 | fp_std 0.1899 | train_loss 8602.0166 | kl_coef 0.2677
Test MSE: 1.6587
Epoch 0042 | test_loss 7892.9287 | test_ll -7902.3491 | test_mse 1.5812 | kl 22.0973 | fp_std 0.1844 | train_loss 8016.3779 | kl_coef 0.2750
Test MSE: 1.5812
Epoch 0043 | test_loss 7680.0537 | test_ll -7695.3584 | test_mse 1.5398 | kl 22.1513 | fp_std 0.1731 | train_loss 7511.0786 | kl_coef 0.2823
Test MSE: 1.5398
Epoch 0044 | test_loss 7139.1377 | test_ll -7170.9814 | test_mse 1.4349 | kl 22.1147 | fp_std 0.1347 | train_loss 7569.2808 | kl_coef 0.2894
Test MSE: 1.4349
Epoch 0045 | test_loss 7037.1973 | test_ll -7038.1016 | test_mse 1.4084 | kl 22.0103 | fp_std 0.1287 | train_loss 7110.3911 | kl_coef 0.2966
Test MSE: 1.4084
Epoch 0046 | test_loss 6708.4150 | test_ll -6711.9565 | test_mse 1.3431 | kl 22.0288 | fp_std 0.1120 | train_loss 6784.4121 | kl_coef 0.3036
Test MSE: 1.3431
Epoch 0047 | test_loss 6488.5210 | test_ll -6499.8921 | test_mse 1.3007 | kl 21.8231 | fp_std 0.1138 | train_loss 6601.5571 | kl_coef 0.3106
Test MSE: 1.3007
Epoch 0048 | test_loss 6379.4248 | test_ll -6392.2764 | test_mse 1.2792 | kl 21.4606 | fp_std 0.1251 | train_loss 6622.8706 | kl_coef 0.3174
Test MSE: 1.2792
Epoch 0049 | test_loss 6856.0757 | test_ll -6889.2812 | test_mse 1.3786 | kl 21.2745 | fp_std 0.1434 | train_loss 6643.2461 | kl_coef 0.3243
Test MSE: 1.3786
Epoch 0050 | test_loss 6396.1138 | test_ll -6406.5508 | test_mse 1.2820 | kl 21.2462 | fp_std 0.1287 | train_loss 6288.1108 | kl_coef 0.3310
Test MSE: 1.2820
Epoch 0051 | test_loss 6112.6338 | test_ll -6118.9805 | test_mse 1.2245 | kl 21.1653 | fp_std 0.1244 | train_loss 6297.1118 | kl_coef 0.3377
Test MSE: 1.2245
Epoch 0052 | test_loss 6013.4331 | test_ll -6015.2397 | test_mse 1.2038 | kl 20.9237 | fp_std 0.1327 | train_loss 5925.6772 | kl_coef 0.3443
Test MSE: 1.2038
Epoch 0053 | test_loss 5758.2109 | test_ll -5756.5322 | test_mse 1.1520 | kl 21.1269 | fp_std 0.0986 | train_loss 5831.1772 | kl_coef 0.3509
Test MSE: 1.1520
Epoch 0054 | test_loss 5576.9727 | test_ll -5579.4990 | test_mse 1.1166 | kl 20.9867 | fp_std 0.0963 | train_loss 5571.3364 | kl_coef 0.3574
Test MSE: 1.1166
Epoch 0055 | test_loss 5450.0078 | test_ll -5450.8613 | test_mse 1.0909 | kl 20.7400 | fp_std 0.0914 | train_loss 5442.2192 | kl_coef 0.3638
Test MSE: 1.0909
Epoch 0056 | test_loss 5313.2397 | test_ll -5309.7495 | test_mse 1.0627 | kl 20.6670 | fp_std 0.0831 | train_loss 5291.6284 | kl_coef 0.3702
Test MSE: 1.0627
Epoch 0057 | test_loss 5196.6724 | test_ll -5209.6401 | test_mse 1.0427 | kl 20.4296 | fp_std 0.0816 | train_loss 5160.5557 | kl_coef 0.3765
Test MSE: 1.0427
Epoch 0058 | test_loss 5019.6987 | test_ll -5022.2705 | test_mse 1.0052 | kl 20.3763 | fp_std 0.0796 | train_loss 4993.6978 | kl_coef 0.3827
Test MSE: 1.0052
Epoch 0059 | test_loss 4869.4702 | test_ll -4876.9028 | test_mse 0.9761 | kl 20.0554 | fp_std 0.0769 | train_loss 4841.0645 | kl_coef 0.3889
Test MSE: 0.9761
Epoch 0060 | test_loss 4716.8257 | test_ll -4723.0054 | test_mse 0.9453 | kl 19.9491 | fp_std 0.0771 | train_loss 4731.4121 | kl_coef 0.3950
Test MSE: 0.9453
Epoch 0061 | test_loss 4660.8491 | test_ll -4666.4858 | test_mse 0.9340 | kl 19.5084 | fp_std 0.0838 | train_loss 4548.2905 | kl_coef 0.4010
Test MSE: 0.9340
Epoch 0062 | test_loss 4572.1875 | test_ll -4616.3608 | test_mse 0.9240 | kl 19.2414 | fp_std 0.0815 | train_loss 4420.0132 | kl_coef 0.4070
Test MSE: 0.9240
Epoch 0063 | test_loss 4452.4761 | test_ll -4450.9072 | test_mse 0.8909 | kl 18.8875 | fp_std 0.0841 | train_loss 4336.4155 | kl_coef 0.4130
Test MSE: 0.8909
Epoch 0064 | test_loss 4274.6235 | test_ll -4272.4619 | test_mse 0.8552 | kl 18.6520 | fp_std 0.0785 | train_loss 4167.6455 | kl_coef 0.4188
Test MSE: 0.8552
Epoch 0065 | test_loss 4132.0308 | test_ll -4135.3643 | test_mse 0.8278 | kl 18.5386 | fp_std 0.0845 | train_loss 4015.2073 | kl_coef 0.4246
Test MSE: 0.8278
Epoch 0066 | test_loss 4002.4019 | test_ll -4010.7654 | test_mse 0.8029 | kl 18.4522 | fp_std 0.0744 | train_loss 3804.1892 | kl_coef 0.4304
Test MSE: 0.8029
Epoch 0067 | test_loss 3855.1858 | test_ll -3874.0115 | test_mse 0.7755 | kl 18.2561 | fp_std 0.0754 | train_loss 3775.9395 | kl_coef 0.4361
Test MSE: 0.7755
Epoch 0068 | test_loss 3765.8604 | test_ll -3763.3931 | test_mse 0.7534 | kl 18.0087 | fp_std 0.0739 | train_loss 3637.2729 | kl_coef 0.4417
Test MSE: 0.7534
Epoch 0069 | test_loss 3713.8792 | test_ll -3720.3406 | test_mse 0.7448 | kl 18.0038 | fp_std 0.0698 | train_loss 3541.5940 | kl_coef 0.4473
Test MSE: 0.7448
Epoch 0070 | test_loss 3746.7878 | test_ll -3742.3521 | test_mse 0.7492 | kl 17.8657 | fp_std 0.0701 | train_loss 3625.9026 | kl_coef 0.4528
Test MSE: 0.7492
Epoch 0071 | test_loss 3705.0886 | test_ll -3714.7832 | test_mse 0.7437 | kl 17.7272 | fp_std 0.0721 | train_loss 3944.1992 | kl_coef 0.4583
Test MSE: 0.7437
Epoch 0072 | test_loss 3575.5906 | test_ll -3577.2100 | test_mse 0.7162 | kl 17.5600 | fp_std 0.0772 | train_loss 3644.2175 | kl_coef 0.4637
Test MSE: 0.7162
Epoch 0073 | test_loss 3828.0122 | test_ll -3854.9871 | test_mse 0.7717 | kl 17.8291 | fp_std 0.0861 | train_loss 3431.2549 | kl_coef 0.4691
Test MSE: 0.7717
Epoch 0074 | test_loss 3568.2012 | test_ll -3572.4431 | test_mse 0.7152 | kl 17.1529 | fp_std 0.0922 | train_loss 3272.7024 | kl_coef 0.4744
Test MSE: 0.7152
Epoch 0075 | test_loss 3331.9722 | test_ll -3337.1294 | test_mse 0.6682 | kl 17.4038 | fp_std 0.0748 | train_loss 3216.4490 | kl_coef 0.4797
Test MSE: 0.6682
Epoch 0076 | test_loss 3366.8726 | test_ll -3362.2544 | test_mse 0.6732 | kl 17.4578 | fp_std 0.0663 | train_loss 3144.0386 | kl_coef 0.4849
Test MSE: 0.6732
Epoch 0077 | test_loss 3193.0825 | test_ll -3197.6987 | test_mse 0.6403 | kl 17.6890 | fp_std 0.0588 | train_loss 3090.1792 | kl_coef 0.4900
Test MSE: 0.6403
Epoch 0078 | test_loss 3968.3374 | test_ll -3964.3367 | test_mse 0.7936 | kl 17.8019 | fp_std 0.0760 | train_loss 3734.2532 | kl_coef 0.4951
Test MSE: 0.7936
Epoch 0079 | test_loss 4347.0254 | test_ll -4433.0347 | test_mse 0.8873 | kl 16.8103 | fp_std 0.0664 | train_loss 4831.3633 | kl_coef 0.5002
Test MSE: 0.8873
Epoch 0080 | test_loss 6442.1479 | test_ll -6503.8804 | test_mse 1.3015 | kl 14.8814 | fp_std 0.0790 | train_loss 7309.1206 | kl_coef 0.5052
Test MSE: 1.3015
Epoch 0081 | test_loss 6133.2886 | test_ll -6184.2529 | test_mse 1.2376 | kl 14.6057 | fp_std 0.0937 | train_loss 7600.2661 | kl_coef 0.5101
Test MSE: 1.2376
Epoch 0082 | test_loss 6318.9033 | test_ll -6506.5371 | test_mse 1.3020 | kl 14.7464 | fp_std 0.1117 | train_loss 6352.9937 | kl_coef 0.5150
Test MSE: 1.3020
Epoch 0083 | test_loss 5953.8599 | test_ll -6054.3906 | test_mse 1.2116 | kl 14.8480 | fp_std 0.1137 | train_loss 5364.3438 | kl_coef 0.5199
Test MSE: 1.2116
Epoch 0084 | test_loss 5264.7852 | test_ll -5357.5796 | test_mse 1.0723 | kl 15.4842 | fp_std 0.1072 | train_loss 4932.7544 | kl_coef 0.5247
Test MSE: 1.0723
Epoch 0085 | test_loss 5263.3970 | test_ll -5321.1562 | test_mse 1.0650 | kl 15.0931 | fp_std 0.1108 | train_loss 4291.9419 | kl_coef 0.5294
Test MSE: 1.0650
Epoch 0086 | test_loss 4440.0630 | test_ll -4529.3535 | test_mse 0.9066 | kl 15.2561 | fp_std 0.0933 | train_loss 3909.3438 | kl_coef 0.5341
Test MSE: 0.9066
Epoch 0087 | test_loss 4017.9409 | test_ll -4095.9038 | test_mse 0.8199 | kl 15.3454 | fp_std 0.0939 | train_loss 3659.3489 | kl_coef 0.5388
Test MSE: 0.8199
Epoch 0088 | test_loss 4146.4712 | test_ll -4408.6562 | test_mse 0.8825 | kl 15.2344 | fp_std 0.1008 | train_loss 3746.1975 | kl_coef 0.5434
Test MSE: 0.8825
Epoch 0089 | test_loss 3951.8887 | test_ll -4076.9819 | test_mse 0.8161 | kl 15.4852 | fp_std 0.0881 | train_loss 3574.2849 | kl_coef 0.5480
Test MSE: 0.8161
Epoch 0090 | test_loss 3708.6482 | test_ll -3862.7759 | test_mse 0.7733 | kl 15.2352 | fp_std 0.0925 | train_loss 3556.7373 | kl_coef 0.5525
Test MSE: 0.7733
Epoch 0091 | test_loss 3431.2927 | test_ll -3443.1719 | test_mse 0.6894 | kl 15.4201 | fp_std 0.0876 | train_loss 3263.7031 | kl_coef 0.5570
Test MSE: 0.6894
Epoch 0092 | test_loss 3735.0598 | test_ll -3804.7925 | test_mse 0.7617 | kl 15.3645 | fp_std 0.0896 | train_loss 3248.9590 | kl_coef 0.5614
Test MSE: 0.7617
Epoch 0093 | test_loss 3940.9739 | test_ll -3966.8101 | test_mse 0.7941 | kl 15.3204 | fp_std 0.0981 | train_loss 3343.1909 | kl_coef 0.5658
Test MSE: 0.7941
Epoch 0094 | test_loss 3792.4922 | test_ll -3801.6128 | test_mse 0.7611 | kl 15.1172 | fp_std 0.0974 | train_loss 3457.1272 | kl_coef 0.5701
Test MSE: 0.7611
Epoch 0095 | test_loss 3651.3030 | test_ll -3689.5469 | test_mse 0.7386 | kl 15.1184 | fp_std 0.0878 | train_loss 2992.5950 | kl_coef 0.5744
Test MSE: 0.7386
Epoch 0096 | test_loss 3626.7126 | test_ll -3816.0649 | test_mse 0.7640 | kl 15.3589 | fp_std 0.0782 | train_loss 2937.0762 | kl_coef 0.5787
Test MSE: 0.7640
Epoch 0097 | test_loss 3234.0505 | test_ll -3297.4451 | test_mse 0.6602 | kl 15.4566 | fp_std 0.0787 | train_loss 3043.6008 | kl_coef 0.5829
Test MSE: 0.6602
Epoch 0098 | test_loss 4052.8105 | test_ll -4074.0474 | test_mse 0.8155 | kl 15.5923 | fp_std 0.0811 | train_loss 3088.2458 | kl_coef 0.5871
Test MSE: 0.8155
Epoch 0099 | test_loss 3764.7170 | test_ll -3811.3687 | test_mse 0.7630 | kl 14.9228 | fp_std 0.0946 | train_loss 3370.4707 | kl_coef 0.5912
Test MSE: 0.7630
Epoch 0100 | test_loss 4330.1250 | test_ll -4372.6138 | test_mse 0.8753 | kl 14.8086 | fp_std 0.0939 | train_loss 4038.7417 | kl_coef 0.5953
Test MSE: 0.8753
/home/atiwari/Annealing_Experiment/Experiments/run_models.py
/home/atiwari/Annealing_Experiment/Experiments/run_models.py --dataset spiral --latent-ode --spiral -n 1000 -b 100 --niters 100 --lr 0.005 --timepoints 50 --max-t 18.85 --noise-weight 0.1 --latents 6 --save /home/atiwari/Annealing_Experiment/ODE-RNN_Results/niters-100_lr-0.005_latents-6_tp-50_noise-0.1
Experiment 91012
/home/atiwari/Annealing_Experiment/.venv/lib/python3.13/site-packages/torchdiffeq/_impl/misc.py:306: UserWarning: t is not on the same device as y0. Coercing to y0.device.
  warnings.warn("t is not on the same device as y0. Coercing to y0.device.")
Epoch 0001 | test_loss 25823.0039 | test_ll -25872.8965 | test_mse 5.1753 | kl 3.6695 | fp_std 0.3427 | train_loss 26169.7305 | kl_coef 0.0000
Test MSE: 5.1753
Epoch 0002 | test_loss 20345.5312 | test_ll -20369.8594 | test_mse 4.0747 | kl 8.6437 | fp_std 0.5496 | train_loss 20968.9434 | kl_coef 0.0000
Test MSE: 4.0747
Epoch 0003 | test_loss 18247.2617 | test_ll -18264.1816 | test_mse 3.6536 | kl 12.8885 | fp_std 0.4034 | train_loss 18439.3125 | kl_coef 0.0000
Test MSE: 3.6536
Epoch 0004 | test_loss 16907.2344 | test_ll -16921.6055 | test_mse 3.3851 | kl 16.6736 | fp_std 0.3770 | train_loss 16987.4922 | kl_coef 0.0000
Test MSE: 3.3851
Epoch 0005 | test_loss 16429.5371 | test_ll -16447.8203 | test_mse 3.2903 | kl 19.9435 | fp_std 0.3220 | train_loss 16302.5723 | kl_coef 0.0000
Test MSE: 3.2903
Epoch 0006 | test_loss 16292.5518 | test_ll -16302.6436 | test_mse 3.2613 | kl 21.5869 | fp_std 0.3200 | train_loss 16047.3271 | kl_coef 0.0000
Test MSE: 3.2613
Epoch 0007 | test_loss 16301.8564 | test_ll -16304.7725 | test_mse 3.2617 | kl 22.8795 | fp_std 0.2845 | train_loss 15983.5771 | kl_coef 0.0000
Test MSE: 3.2617
Epoch 0008 | test_loss 16302.9707 | test_ll -16311.2090 | test_mse 3.2630 | kl 23.3448 | fp_std 0.2488 | train_loss 15982.6533 | kl_coef 0.0000
Test MSE: 3.2630
Epoch 0009 | test_loss 16283.9824 | test_ll -16291.3340 | test_mse 3.2590 | kl 23.5718 | fp_std 0.2222 | train_loss 15967.7549 | kl_coef 0.0000
Test MSE: 3.2590
Epoch 0010 | test_loss 16273.8574 | test_ll -16282.3154 | test_mse 3.2572 | kl 23.4211 | fp_std 0.1960 | train_loss 15965.6436 | kl_coef 0.0000
Test MSE: 3.2572
Epoch 0011 | test_loss 16251.9893 | test_ll -16261.1592 | test_mse 3.2530 | kl 23.4369 | fp_std 0.1889 | train_loss 15954.2676 | kl_coef 0.0100
Test MSE: 3.2530
Epoch 0012 | test_loss 16252.5820 | test_ll -16254.9453 | test_mse 3.2517 | kl 23.5143 | fp_std 0.1793 | train_loss 15940.3164 | kl_coef 0.0199
Test MSE: 3.2517
Epoch 0013 | test_loss 16242.1914 | test_ll -16251.7871 | test_mse 3.2511 | kl 23.4276 | fp_std 0.1816 | train_loss 15940.6934 | kl_coef 0.0297
Test MSE: 3.2511
Epoch 0014 | test_loss 16229.8564 | test_ll -16237.6201 | test_mse 3.2483 | kl 23.7348 | fp_std 0.1617 | train_loss 15924.3965 | kl_coef 0.0394
Test MSE: 3.2483
Epoch 0015 | test_loss 16222.6611 | test_ll -16229.8467 | test_mse 3.2467 | kl 23.3951 | fp_std 0.1639 | train_loss 15905.2793 | kl_coef 0.0490
Test MSE: 3.2467
Epoch 0016 | test_loss 16204.3613 | test_ll -16211.2842 | test_mse 3.2430 | kl 23.3201 | fp_std 0.1870 | train_loss 15874.0977 | kl_coef 0.0585
Test MSE: 3.2430
Epoch 0017 | test_loss 16191.9932 | test_ll -16198.6709 | test_mse 3.2405 | kl 23.2689 | fp_std 0.1993 | train_loss 15861.8496 | kl_coef 0.0679
Test MSE: 3.2405
Epoch 0018 | test_loss 16162.5898 | test_ll -16170.2207 | test_mse 3.2348 | kl 23.0560 | fp_std 0.1962 | train_loss 15829.5830 | kl_coef 0.0773
Test MSE: 3.2348
Epoch 0019 | test_loss 16137.7988 | test_ll -16144.5576 | test_mse 3.2296 | kl 22.7507 | fp_std 0.2054 | train_loss 15810.7666 | kl_coef 0.0865
Test MSE: 3.2296
Epoch 0020 | test_loss 16106.1289 | test_ll -16114.4092 | test_mse 3.2236 | kl 22.7320 | fp_std 0.2027 | train_loss 15752.3672 | kl_coef 0.0956
Test MSE: 3.2236
Epoch 0021 | test_loss 16095.2432 | test_ll -16096.8223 | test_mse 3.2201 | kl 23.0255 | fp_std 0.1747 | train_loss 15736.8232 | kl_coef 0.1047
Test MSE: 3.2201
Epoch 0022 | test_loss 16052.4082 | test_ll -16053.0303 | test_mse 3.2113 | kl 22.7538 | fp_std 0.1646 | train_loss 15703.1914 | kl_coef 0.1136
Test MSE: 3.2113
Epoch 0023 | test_loss 16007.1699 | test_ll -16011.6201 | test_mse 3.2031 | kl 22.4103 | fp_std 0.1549 | train_loss 15642.1699 | kl_coef 0.1225
Test MSE: 3.2031
Epoch 0024 | test_loss 15985.3633 | test_ll -15995.0391 | test_mse 3.1997 | kl 22.4844 | fp_std 0.1539 | train_loss 15609.6680 | kl_coef 0.1313
Test MSE: 3.1997
Epoch 0025 | test_loss 15974.9492 | test_ll -15976.6152 | test_mse 3.1961 | kl 22.2883 | fp_std 0.1579 | train_loss 15620.7969 | kl_coef 0.1399
Test MSE: 3.1961
Epoch 0026 | test_loss 15936.3174 | test_ll -15951.8047 | test_mse 3.1911 | kl 22.4162 | fp_std 0.1459 | train_loss 15592.3066 | kl_coef 0.1485
Test MSE: 3.1911
Epoch 0027 | test_loss 15917.8887 | test_ll -15922.7871 | test_mse 3.1853 | kl 22.0451 | fp_std 0.1664 | train_loss 15553.0039 | kl_coef 0.1571
Test MSE: 3.1853
Epoch 0028 | test_loss 15898.2949 | test_ll -15897.8418 | test_mse 3.1803 | kl 22.1581 | fp_std 0.1580 | train_loss 15525.7188 | kl_coef 0.1655
Test MSE: 3.1803
Epoch 0029 | test_loss 15830.9824 | test_ll -15833.5156 | test_mse 3.1674 | kl 22.1958 | fp_std 0.1598 | train_loss 15499.5615 | kl_coef 0.1738
Test MSE: 3.1674
Epoch 0030 | test_loss 15768.4336 | test_ll -15782.9609 | test_mse 3.1573 | kl 22.2425 | fp_std 0.1572 | train_loss 15444.4541 | kl_coef 0.1821
Test MSE: 3.1573
Epoch 0031 | test_loss 15693.5664 | test_ll -15695.7188 | test_mse 3.1399 | kl 22.0500 | fp_std 0.1514 | train_loss 15350.2666 | kl_coef 0.1903
Test MSE: 3.1399
Epoch 0032 | test_loss 15548.7324 | test_ll -15553.2285 | test_mse 3.1114 | kl 21.5772 | fp_std 0.1611 | train_loss 15229.2168 | kl_coef 0.1984
Test MSE: 3.1114
Epoch 0033 | test_loss 15380.9561 | test_ll -15387.2559 | test_mse 3.0782 | kl 21.6673 | fp_std 0.1417 | train_loss 15046.9404 | kl_coef 0.2064
Test MSE: 3.0782
Epoch 0034 | test_loss 15154.2822 | test_ll -15151.5527 | test_mse 3.0310 | kl 21.7620 | fp_std 0.1055 | train_loss 14826.5869 | kl_coef 0.2143
Test MSE: 3.0310
Epoch 0035 | test_loss 15141.9131 | test_ll -15146.4531 | test_mse 3.0300 | kl 21.9579 | fp_std 0.0958 | train_loss 14681.7861 | kl_coef 0.2222
Test MSE: 3.0300
Epoch 0036 | test_loss 14952.1924 | test_ll -14959.8555 | test_mse 2.9927 | kl 21.9727 | fp_std 0.0969 | train_loss 14929.2461 | kl_coef 0.2300
Test MSE: 2.9927
Epoch 0037 | test_loss 15084.3672 | test_ll -15121.4199 | test_mse 3.0250 | kl 21.3882 | fp_std 0.1135 | train_loss 14716.9785 | kl_coef 0.2377
Test MSE: 3.0250
Epoch 0038 | test_loss 15324.5234 | test_ll -15324.9023 | test_mse 3.0657 | kl 21.8327 | fp_std 0.0739 | train_loss 14530.5273 | kl_coef 0.2453
Test MSE: 3.0657
Epoch 0039 | test_loss 14908.1973 | test_ll -14919.7930 | test_mse 2.9847 | kl 22.0529 | fp_std 0.0700 | train_loss 14432.8477 | kl_coef 0.2528
Test MSE: 2.9847
Epoch 0040 | test_loss 14690.7832 | test_ll -14701.4248 | test_mse 2.9410 | kl 22.0372 | fp_std 0.0754 | train_loss 14272.2871 | kl_coef 0.2603
Test MSE: 2.9410
Epoch 0041 | test_loss 14582.8203 | test_ll -14584.4980 | test_mse 2.9176 | kl 21.6764 | fp_std 0.0917 | train_loss 14210.7891 | kl_coef 0.2677
Test MSE: 2.9176
Epoch 0042 | test_loss 14672.8076 | test_ll -14673.3359 | test_mse 2.9354 | kl 22.0376 | fp_std 0.0592 | train_loss 14144.0996 | kl_coef 0.2750
Test MSE: 2.9354
Epoch 0043 | test_loss 14664.8496 | test_ll -14682.0801 | test_mse 2.9372 | kl 21.8456 | fp_std 0.0839 | train_loss 14356.7451 | kl_coef 0.2823
Test MSE: 2.9372
Epoch 0044 | test_loss 14387.8301 | test_ll -14398.3428 | test_mse 2.8804 | kl 21.8303 | fp_std 0.0765 | train_loss 14034.5654 | kl_coef 0.2894
Test MSE: 2.8804
Epoch 0045 | test_loss 14340.9639 | test_ll -14342.1123 | test_mse 2.8692 | kl 21.7199 | fp_std 0.0718 | train_loss 14039.4229 | kl_coef 0.2966
Test MSE: 2.8692
Epoch 0046 | test_loss 14438.0557 | test_ll -14440.3516 | test_mse 2.8888 | kl 21.7990 | fp_std 0.0702 | train_loss 13845.3037 | kl_coef 0.3036
Test MSE: 2.8888
Epoch 0047 | test_loss 14640.4072 | test_ll -14658.1035 | test_mse 2.9324 | kl 21.8180 | fp_std 0.0768 | train_loss 13825.7197 | kl_coef 0.3106
Test MSE: 2.9324
Epoch 0048 | test_loss 14637.8730 | test_ll -14663.8496 | test_mse 2.9335 | kl 21.3990 | fp_std 0.0872 | train_loss 13754.1270 | kl_coef 0.3174
Test MSE: 2.9335
Epoch 0049 | test_loss 14112.9102 | test_ll -14122.9404 | test_mse 2.8253 | kl 21.2490 | fp_std 0.0856 | train_loss 13836.8867 | kl_coef 0.3243
Test MSE: 2.8253
Epoch 0050 | test_loss 13945.6035 | test_ll -13942.3184 | test_mse 2.7892 | kl 21.1084 | fp_std 0.0825 | train_loss 13499.0107 | kl_coef 0.3310
Test MSE: 2.7892
Epoch 0051 | test_loss 13745.7422 | test_ll -13747.7686 | test_mse 2.7503 | kl 21.5255 | fp_std 0.0685 | train_loss 13271.7354 | kl_coef 0.3377
Test MSE: 2.7503
Epoch 0052 | test_loss 13516.1201 | test_ll -13517.1211 | test_mse 2.7042 | kl 21.3353 | fp_std 0.0672 | train_loss 13229.4248 | kl_coef 0.3443
Test MSE: 2.7042
Epoch 0053 | test_loss 13424.4775 | test_ll -13449.7842 | test_mse 2.6907 | kl 20.9682 | fp_std 0.0692 | train_loss 12942.2275 | kl_coef 0.3509
Test MSE: 2.6907
Epoch 0054 | test_loss 13292.6299 | test_ll -13294.3633 | test_mse 2.6596 | kl 21.0549 | fp_std 0.0679 | train_loss 13677.4033 | kl_coef 0.3574
Test MSE: 2.6596
Epoch 0055 | test_loss 12991.4180 | test_ll -13007.0469 | test_mse 2.6021 | kl 21.2434 | fp_std 0.0646 | train_loss 12710.1387 | kl_coef 0.3638
Test MSE: 2.6021
Epoch 0056 | test_loss 12744.2832 | test_ll -12742.9844 | test_mse 2.5493 | kl 21.1459 | fp_std 0.0580 | train_loss 12311.7959 | kl_coef 0.3702
Test MSE: 2.5493
Epoch 0057 | test_loss 12828.5645 | test_ll -12830.4844 | test_mse 2.5668 | kl 20.8967 | fp_std 0.0612 | train_loss 12298.1680 | kl_coef 0.3765
Test MSE: 2.5668
Epoch 0058 | test_loss 12371.3369 | test_ll -12366.2969 | test_mse 2.4740 | kl 20.8922 | fp_std 0.0621 | train_loss 12123.8760 | kl_coef 0.3827
Test MSE: 2.4740
Epoch 0059 | test_loss 12184.4258 | test_ll -12200.9473 | test_mse 2.4409 | kl 21.1697 | fp_std 0.0794 | train_loss 12160.2520 | kl_coef 0.3889
Test MSE: 2.4409
Epoch 0060 | test_loss 12023.2920 | test_ll -12033.0938 | test_mse 2.4074 | kl 21.0405 | fp_std 0.0673 | train_loss 11731.5029 | kl_coef 0.3950
Test MSE: 2.4074
Epoch 0061 | test_loss 11712.9736 | test_ll -11719.5029 | test_mse 2.3446 | kl 20.6132 | fp_std 0.0554 | train_loss 11281.2920 | kl_coef 0.4010
Test MSE: 2.3446
Epoch 0062 | test_loss 11531.1533 | test_ll -11549.9492 | test_mse 2.3107 | kl 20.7879 | fp_std 0.0544 | train_loss 11737.4375 | kl_coef 0.4070
Test MSE: 2.3107
Epoch 0063 | test_loss 11251.0820 | test_ll -11255.3125 | test_mse 2.2518 | kl 20.9396 | fp_std 0.0647 | train_loss 10883.4775 | kl_coef 0.4130
Test MSE: 2.2518
Epoch 0064 | test_loss 10858.2305 | test_ll -10889.5508 | test_mse 2.1786 | kl 20.4264 | fp_std 0.0767 | train_loss 10468.0869 | kl_coef 0.4188
Test MSE: 2.1786
Epoch 0065 | test_loss 10427.5479 | test_ll -10453.7305 | test_mse 2.0915 | kl 20.3486 | fp_std 0.0592 | train_loss 10217.8896 | kl_coef 0.4246
Test MSE: 2.0915
Epoch 0066 | test_loss 10392.7373 | test_ll -10415.1250 | test_mse 2.0838 | kl 19.6235 | fp_std 0.0666 | train_loss 10364.5312 | kl_coef 0.4304
Test MSE: 2.0838
Epoch 0067 | test_loss 10378.8506 | test_ll -10387.8857 | test_mse 2.0783 | kl 20.3524 | fp_std 0.0638 | train_loss 10515.1924 | kl_coef 0.4361
Test MSE: 2.0783
Epoch 0068 | test_loss 9892.9980 | test_ll -9895.1797 | test_mse 1.9798 | kl 20.1538 | fp_std 0.0690 | train_loss 9974.2695 | kl_coef 0.4417
Test MSE: 1.9798
Epoch 0069 | test_loss 9709.7852 | test_ll -9721.3125 | test_mse 1.9450 | kl 20.1757 | fp_std 0.0566 | train_loss 9418.1758 | kl_coef 0.4473
Test MSE: 1.9450
Epoch 0070 | test_loss 9462.8555 | test_ll -9468.2168 | test_mse 1.8944 | kl 20.0468 | fp_std 0.0661 | train_loss 9278.6865 | kl_coef 0.4528
Test MSE: 1.8944
Epoch 0071 | test_loss 9238.8350 | test_ll -9235.9473 | test_mse 1.8479 | kl 20.1147 | fp_std 0.0597 | train_loss 8986.6240 | kl_coef 0.4583
Test MSE: 1.8479
Epoch 0072 | test_loss 9029.6436 | test_ll -9039.4492 | test_mse 1.8086 | kl 19.9912 | fp_std 0.0613 | train_loss 8698.4248 | kl_coef 0.4637
Test MSE: 1.8086
Epoch 0073 | test_loss 10055.7471 | test_ll -10074.3076 | test_mse 2.0156 | kl 20.7022 | fp_std 0.0599 | train_loss 9148.1123 | kl_coef 0.4691
Test MSE: 2.0156
Epoch 0074 | test_loss 9952.9707 | test_ll -9983.3145 | test_mse 1.9974 | kl 20.4101 | fp_std 0.0510 | train_loss 10237.8232 | kl_coef 0.4744
Test MSE: 1.9974
Epoch 0075 | test_loss 9475.0400 | test_ll -9562.7217 | test_mse 1.9133 | kl 19.8587 | fp_std 0.0558 | train_loss 9200.1172 | kl_coef 0.4797
Test MSE: 1.9133
Epoch 0076 | test_loss 9121.2002 | test_ll -9221.1641 | test_mse 1.8450 | kl 20.0589 | fp_std 0.0554 | train_loss 8694.3604 | kl_coef 0.4849
Test MSE: 1.8450
Epoch 0077 | test_loss 9509.6602 | test_ll -9574.7041 | test_mse 1.9157 | kl 20.4875 | fp_std 0.0545 | train_loss 9133.5215 | kl_coef 0.4900
Test MSE: 1.9157
Epoch 0078 | test_loss 9041.3770 | test_ll -9119.8027 | test_mse 1.8247 | kl 19.7835 | fp_std 0.0659 | train_loss 8602.5459 | kl_coef 0.4951
Test MSE: 1.8247
Epoch 0079 | test_loss 8759.0957 | test_ll -8819.1729 | test_mse 1.7646 | kl 19.4868 | fp_std 0.0633 | train_loss 8393.4443 | kl_coef 0.5002
Test MSE: 1.7646
Epoch 0080 | test_loss 8894.4258 | test_ll -8996.6719 | test_mse 1.8001 | kl 19.9153 | fp_std 0.0567 | train_loss 8173.6914 | kl_coef 0.5052
Test MSE: 1.8001
Epoch 0081 | test_loss 9182.1191 | test_ll -9255.1172 | test_mse 1.8518 | kl 19.8133 | fp_std 0.0606 | train_loss 7880.6440 | kl_coef 0.5101
Test MSE: 1.8518
Epoch 0082 | test_loss 8419.8174 | test_ll -8450.9463 | test_mse 1.6909 | kl 18.9753 | fp_std 0.0601 | train_loss 7546.5669 | kl_coef 0.5150
Test MSE: 1.6909
Epoch 0083 | test_loss 8669.4531 | test_ll -8705.0625 | test_mse 1.7417 | kl 18.4272 | fp_std 0.0461 | train_loss 8181.6572 | kl_coef 0.5199
Test MSE: 1.7417
Epoch 0084 | test_loss 7442.4390 | test_ll -7437.8511 | test_mse 1.4883 | kl 18.9085 | fp_std 0.0533 | train_loss 7334.9717 | kl_coef 0.5247
Test MSE: 1.4883
Epoch 0085 | test_loss 7345.8447 | test_ll -7345.1924 | test_mse 1.4698 | kl 19.2722 | fp_std 0.0418 | train_loss 6964.3105 | kl_coef 0.5294
Test MSE: 1.4698
Epoch 0086 | test_loss 7685.7212 | test_ll -7686.7207 | test_mse 1.5381 | kl 17.8774 | fp_std 0.0453 | train_loss 7407.0488 | kl_coef 0.5341
Test MSE: 1.5381
Epoch 0087 | test_loss 8432.9668 | test_ll -8465.7295 | test_mse 1.6939 | kl 17.4604 | fp_std 0.0436 | train_loss 9277.9639 | kl_coef 0.5388
Test MSE: 1.6939
Epoch 0088 | test_loss 7916.5820 | test_ll -7945.2397 | test_mse 1.5898 | kl 17.9252 | fp_std 0.0467 | train_loss 7729.2354 | kl_coef 0.5434
Test MSE: 1.5898
Epoch 0089 | test_loss 7576.5723 | test_ll -7590.1426 | test_mse 1.5188 | kl 17.9233 | fp_std 0.0494 | train_loss 7371.5522 | kl_coef 0.5480
Test MSE: 1.5188
Epoch 0090 | test_loss 7410.5508 | test_ll -7428.5405 | test_mse 1.4864 | kl 17.9521 | fp_std 0.0456 | train_loss 7204.3135 | kl_coef 0.5525
Test MSE: 1.4864
Epoch 0091 | test_loss 7003.7627 | test_ll -7039.2930 | test_mse 1.4086 | kl 17.9510 | fp_std 0.0429 | train_loss 6917.6421 | kl_coef 0.5570
Test MSE: 1.4086
Epoch 0092 | test_loss 7131.5322 | test_ll -7132.6699 | test_mse 1.4273 | kl 17.7264 | fp_std 0.0350 | train_loss 6637.5557 | kl_coef 0.5614
Test MSE: 1.4273
Epoch 0093 | test_loss 6844.9946 | test_ll -6864.6904 | test_mse 1.3737 | kl 17.6346 | fp_std 0.0455 | train_loss 6549.1880 | kl_coef 0.5658
Test MSE: 1.3737
Epoch 0094 | test_loss 6785.8257 | test_ll -6800.9766 | test_mse 1.3609 | kl 17.6472 | fp_std 0.0372 | train_loss 6393.6670 | kl_coef 0.5701
Test MSE: 1.3609
Epoch 0095 | test_loss 6428.5610 | test_ll -6431.1401 | test_mse 1.2870 | kl 17.5591 | fp_std 0.0379 | train_loss 6003.8066 | kl_coef 0.5744
Test MSE: 1.2870
Epoch 0096 | test_loss 6442.5972 | test_ll -6447.7227 | test_mse 1.2903 | kl 17.5068 | fp_std 0.0343 | train_loss 6041.4297 | kl_coef 0.5787
Test MSE: 1.2903
Epoch 0097 | test_loss 6284.0908 | test_ll -6286.4663 | test_mse 1.2580 | kl 17.3979 | fp_std 0.0321 | train_loss 5920.9453 | kl_coef 0.5829
Test MSE: 1.2580
Epoch 0098 | test_loss 6160.6177 | test_ll -6181.2612 | test_mse 1.2370 | kl 17.0282 | fp_std 0.0430 | train_loss 5602.5063 | kl_coef 0.5871
Test MSE: 1.2370
Epoch 0099 | test_loss 5815.6172 | test_ll -5820.2461 | test_mse 1.1648 | kl 17.3822 | fp_std 0.0323 | train_loss 5505.6880 | kl_coef 0.5912
Test MSE: 1.1648
Epoch 0100 | test_loss 5734.6191 | test_ll -5751.3623 | test_mse 1.1510 | kl 16.9456 | fp_std 0.0388 | train_loss 5419.7129 | kl_coef 0.5953
Test MSE: 1.1510
/home/atiwari/Annealing_Experiment/Experiments/run_models.py
/home/atiwari/Annealing_Experiment/Experiments/run_models.py --dataset spiral --latent-ode --spiral -n 1000 -b 100 --niters 100 --lr 0.001 --timepoints 50 --max-t 18.85 --noise-weight 0.1 --latents 6 --save /home/atiwari/Annealing_Experiment/ODE-RNN_Results/niters-100_lr-0.001_latents-6_tp-50_noise-0.1
Experiment 84655
/home/atiwari/Annealing_Experiment/.venv/lib/python3.13/site-packages/torchdiffeq/_impl/misc.py:306: UserWarning: t is not on the same device as y0. Coercing to y0.device.
  warnings.warn("t is not on the same device as y0. Coercing to y0.device.")
Epoch 0001 | test_loss 33462.3750 | test_ll -33712.0742 | test_mse 6.7432 | kl 1.4886 | fp_std 0.3445 | train_loss 37246.4883 | kl_coef 0.0000
Test MSE: 6.7432
Epoch 0002 | test_loss 31434.8477 | test_ll -31483.8086 | test_mse 6.2975 | kl 2.0533 | fp_std 0.3406 | train_loss 33034.6133 | kl_coef 0.0000
Test MSE: 6.2975
Epoch 0003 | test_loss 26615.0703 | test_ll -26773.8633 | test_mse 5.3555 | kl 2.4986 | fp_std 0.3108 | train_loss 27710.8770 | kl_coef 0.0000
Test MSE: 5.3555
Epoch 0004 | test_loss 25359.8320 | test_ll -25395.6777 | test_mse 5.0799 | kl 2.9820 | fp_std 0.3250 | train_loss 25957.4004 | kl_coef 0.0000
Test MSE: 5.0799
Epoch 0005 | test_loss 23330.0000 | test_ll -23336.4297 | test_mse 4.6680 | kl 4.0452 | fp_std 0.3531 | train_loss 23995.1445 | kl_coef 0.0000
Test MSE: 4.6680
Epoch 0006 | test_loss 22033.5391 | test_ll -22043.9805 | test_mse 4.4095 | kl 4.9396 | fp_std 0.3792 | train_loss 22603.1289 | kl_coef 0.0000
Test MSE: 4.4095
Epoch 0007 | test_loss 21005.9961 | test_ll -21035.1172 | test_mse 4.2078 | kl 5.8528 | fp_std 0.3677 | train_loss 21336.6816 | kl_coef 0.0000
Test MSE: 4.2078
Epoch 0008 | test_loss 20148.8613 | test_ll -20182.2949 | test_mse 4.0372 | kl 6.9117 | fp_std 0.3254 | train_loss 20539.0039 | kl_coef 0.0000
Test MSE: 4.0372
Epoch 0009 | test_loss 19396.5098 | test_ll -19413.5078 | test_mse 3.8834 | kl 8.1942 | fp_std 0.2990 | train_loss 19563.2773 | kl_coef 0.0000
Test MSE: 3.8834
Epoch 0010 | test_loss 18775.3320 | test_ll -18783.7305 | test_mse 3.7575 | kl 8.8576 | fp_std 0.3017 | train_loss 18911.1250 | kl_coef 0.0000
Test MSE: 3.7575
Epoch 0011 | test_loss 18162.8379 | test_ll -18187.0918 | test_mse 3.6382 | kl 9.5700 | fp_std 0.2789 | train_loss 18313.9785 | kl_coef 0.0100
Test MSE: 3.6382
Epoch 0012 | test_loss 17772.7344 | test_ll -17786.5371 | test_mse 3.5580 | kl 10.3199 | fp_std 0.2533 | train_loss 17791.9258 | kl_coef 0.0199
Test MSE: 3.5580
Epoch 0013 | test_loss 17398.8574 | test_ll -17414.4531 | test_mse 3.4836 | kl 11.1212 | fp_std 0.2248 | train_loss 17402.7539 | kl_coef 0.0297
Test MSE: 3.4836
Epoch 0014 | test_loss 17145.9141 | test_ll -17154.0078 | test_mse 3.4315 | kl 11.9776 | fp_std 0.1953 | train_loss 17067.9570 | kl_coef 0.0394
Test MSE: 3.4315
Epoch 0015 | test_loss 16943.9824 | test_ll -16946.8867 | test_mse 3.3901 | kl 12.8692 | fp_std 0.1606 | train_loss 16825.4727 | kl_coef 0.0490
Test MSE: 3.3901
Epoch 0016 | test_loss 16760.9160 | test_ll -16783.8164 | test_mse 3.3575 | kl 13.6999 | fp_std 0.1361 | train_loss 16649.4160 | kl_coef 0.0585
Test MSE: 3.3575
Epoch 0017 | test_loss 16667.7285 | test_ll -16680.6855 | test_mse 3.3369 | kl 14.5378 | fp_std 0.1185 | train_loss 16487.4980 | kl_coef 0.0679
Test MSE: 3.3369
Epoch 0018 | test_loss 16609.4395 | test_ll -16615.8125 | test_mse 3.3239 | kl 14.7395 | fp_std 0.1160 | train_loss 16387.4102 | kl_coef 0.0773
Test MSE: 3.3239
Epoch 0019 | test_loss 16563.9609 | test_ll -16570.7090 | test_mse 3.3149 | kl 15.2350 | fp_std 0.1099 | train_loss 16316.5215 | kl_coef 0.0865
Test MSE: 3.3149
Epoch 0020 | test_loss 16517.3184 | test_ll -16534.5527 | test_mse 3.3076 | kl 15.5085 | fp_std 0.1063 | train_loss 16259.3076 | kl_coef 0.0956
Test MSE: 3.3076
Epoch 0021 | test_loss 16502.7227 | test_ll -16515.7500 | test_mse 3.3039 | kl 15.6442 | fp_std 0.1115 | train_loss 16206.3857 | kl_coef 0.1047
Test MSE: 3.3039
Epoch 0022 | test_loss 16490.3262 | test_ll -16495.7773 | test_mse 3.2999 | kl 16.3154 | fp_std 0.0982 | train_loss 16192.6035 | kl_coef 0.1136
Test MSE: 3.2999
Epoch 0023 | test_loss 16473.8125 | test_ll -16477.7070 | test_mse 3.2963 | kl 16.3677 | fp_std 0.0945 | train_loss 16151.5791 | kl_coef 0.1225
Test MSE: 3.2963
Epoch 0024 | test_loss 16455.6973 | test_ll -16464.4297 | test_mse 3.2936 | kl 16.4789 | fp_std 0.0894 | train_loss 16148.2510 | kl_coef 0.1313
Test MSE: 3.2936
Epoch 0025 | test_loss 16448.0664 | test_ll -16447.8730 | test_mse 3.2903 | kl 16.8636 | fp_std 0.0770 | train_loss 16110.1787 | kl_coef 0.1399
Test MSE: 3.2903
Epoch 0026 | test_loss 16423.4570 | test_ll -16426.3398 | test_mse 3.2860 | kl 16.9307 | fp_std 0.0774 | train_loss 16085.5088 | kl_coef 0.1485
Test MSE: 3.2860
Epoch 0027 | test_loss 16404.3945 | test_ll -16406.0312 | test_mse 3.2819 | kl 16.7953 | fp_std 0.0910 | train_loss 16071.5674 | kl_coef 0.1571
Test MSE: 3.2819
Epoch 0028 | test_loss 16395.1309 | test_ll -16394.3164 | test_mse 3.2796 | kl 17.1362 | fp_std 0.0807 | train_loss 16046.9072 | kl_coef 0.1655
Test MSE: 3.2796
Epoch 0029 | test_loss 16373.9932 | test_ll -16372.8887 | test_mse 3.2753 | kl 17.3533 | fp_std 0.0743 | train_loss 16033.5625 | kl_coef 0.1738
Test MSE: 3.2753
Epoch 0030 | test_loss 16353.5039 | test_ll -16354.8809 | test_mse 3.2717 | kl 17.7259 | fp_std 0.0722 | train_loss 16007.9092 | kl_coef 0.1821
Test MSE: 3.2717
Epoch 0031 | test_loss 16341.2695 | test_ll -16341.7012 | test_mse 3.2691 | kl 17.2727 | fp_std 0.0780 | train_loss 16000.3359 | kl_coef 0.1903
Test MSE: 3.2691
Epoch 0032 | test_loss 16321.4814 | test_ll -16326.0762 | test_mse 3.2660 | kl 17.2540 | fp_std 0.0806 | train_loss 15976.8340 | kl_coef 0.1984
Test MSE: 3.2660
Epoch 0033 | test_loss 16312.5674 | test_ll -16311.8184 | test_mse 3.2631 | kl 17.5480 | fp_std 0.0822 | train_loss 15955.6816 | kl_coef 0.2064
Test MSE: 3.2631
Epoch 0034 | test_loss 16297.2480 | test_ll -16296.0742 | test_mse 3.2600 | kl 17.3714 | fp_std 0.0787 | train_loss 15944.6055 | kl_coef 0.2143
Test MSE: 3.2600
Epoch 0035 | test_loss 16282.5596 | test_ll -16284.4443 | test_mse 3.2576 | kl 17.2508 | fp_std 0.0848 | train_loss 15928.3740 | kl_coef 0.2222
Test MSE: 3.2576
Epoch 0036 | test_loss 16275.7461 | test_ll -16274.3887 | test_mse 3.2556 | kl 17.1815 | fp_std 0.0908 | train_loss 15905.6309 | kl_coef 0.2300
Test MSE: 3.2556
Epoch 0037 | test_loss 16256.6729 | test_ll -16258.0527 | test_mse 3.2523 | kl 17.2198 | fp_std 0.0924 | train_loss 15898.8086 | kl_coef 0.2377
Test MSE: 3.2523
Epoch 0038 | test_loss 16245.0527 | test_ll -16243.0566 | test_mse 3.2493 | kl 17.3015 | fp_std 0.0894 | train_loss 15878.7861 | kl_coef 0.2453
Test MSE: 3.2493
Epoch 0039 | test_loss 16226.9648 | test_ll -16226.7266 | test_mse 3.2461 | kl 17.5551 | fp_std 0.0840 | train_loss 15878.0566 | kl_coef 0.2528
Test MSE: 3.2461
Epoch 0040 | test_loss 16212.3633 | test_ll -16213.4629 | test_mse 3.2434 | kl 17.5753 | fp_std 0.0828 | train_loss 15862.0010 | kl_coef 0.2603
Test MSE: 3.2434
Epoch 0041 | test_loss 16202.5127 | test_ll -16203.7793 | test_mse 3.2415 | kl 17.6269 | fp_std 0.0807 | train_loss 15850.4102 | kl_coef 0.2677
Test MSE: 3.2415
Epoch 0042 | test_loss 16195.9580 | test_ll -16193.8867 | test_mse 3.2395 | kl 17.7644 | fp_std 0.0787 | train_loss 15842.3604 | kl_coef 0.2750
Test MSE: 3.2395
Epoch 0043 | test_loss 16174.6426 | test_ll -16179.7803 | test_mse 3.2367 | kl 17.6002 | fp_std 0.0819 | train_loss 15836.0723 | kl_coef 0.2823
Test MSE: 3.2367
Epoch 0044 | test_loss 16159.4229 | test_ll -16159.3887 | test_mse 3.2326 | kl 17.2467 | fp_std 0.0958 | train_loss 15809.4854 | kl_coef 0.2894
Test MSE: 3.2326
Epoch 0045 | test_loss 16147.8145 | test_ll -16154.4600 | test_mse 3.2316 | kl 17.0556 | fp_std 0.1047 | train_loss 15806.8525 | kl_coef 0.2966
Test MSE: 3.2316
Epoch 0046 | test_loss 16142.2363 | test_ll -16140.2920 | test_mse 3.2288 | kl 17.1006 | fp_std 0.1061 | train_loss 15789.2617 | kl_coef 0.3036
Test MSE: 3.2288
Epoch 0047 | test_loss 16127.5127 | test_ll -16125.9023 | test_mse 3.2259 | kl 17.2203 | fp_std 0.1046 | train_loss 15781.5996 | kl_coef 0.3106
Test MSE: 3.2259
Epoch 0048 | test_loss 16111.6152 | test_ll -16110.2764 | test_mse 3.2228 | kl 17.1389 | fp_std 0.1038 | train_loss 15759.4561 | kl_coef 0.3174
Test MSE: 3.2228
Epoch 0049 | test_loss 16081.4219 | test_ll -16086.2998 | test_mse 3.2180 | kl 17.1042 | fp_std 0.1068 | train_loss 15750.1738 | kl_coef 0.3243
Test MSE: 3.2180
Epoch 0050 | test_loss 16057.3809 | test_ll -16067.7881 | test_mse 3.2143 | kl 17.0425 | fp_std 0.1110 | train_loss 15721.1250 | kl_coef 0.3310
Test MSE: 3.2143
Epoch 0051 | test_loss 16050.8887 | test_ll -16050.7617 | test_mse 3.2109 | kl 16.9234 | fp_std 0.1136 | train_loss 15698.1465 | kl_coef 0.3377
Test MSE: 3.2109
Epoch 0052 | test_loss 16032.3711 | test_ll -16029.7598 | test_mse 3.2067 | kl 16.9174 | fp_std 0.1140 | train_loss 15694.6641 | kl_coef 0.3443
Test MSE: 3.2067
Epoch 0053 | test_loss 16000.8604 | test_ll -16002.4238 | test_mse 3.2012 | kl 16.9143 | fp_std 0.1155 | train_loss 15659.3018 | kl_coef 0.3509
Test MSE: 3.2012
Epoch 0054 | test_loss 15976.7686 | test_ll -15974.4453 | test_mse 3.1956 | kl 16.8429 | fp_std 0.1183 | train_loss 15633.8096 | kl_coef 0.3574
Test MSE: 3.1956
Epoch 0055 | test_loss 15945.7217 | test_ll -15947.5195 | test_mse 3.1902 | kl 16.8020 | fp_std 0.1203 | train_loss 15612.5459 | kl_coef 0.3638
Test MSE: 3.1902
Epoch 0056 | test_loss 15916.7910 | test_ll -15916.8887 | test_mse 3.1841 | kl 16.7726 | fp_std 0.1216 | train_loss 15582.5430 | kl_coef 0.3702
Test MSE: 3.1841
Epoch 0057 | test_loss 15883.8516 | test_ll -15883.7217 | test_mse 3.1775 | kl 16.7613 | fp_std 0.1209 | train_loss 15537.1826 | kl_coef 0.3765
Test MSE: 3.1775
Epoch 0058 | test_loss 15851.4707 | test_ll -15849.7959 | test_mse 3.1707 | kl 16.7230 | fp_std 0.1214 | train_loss 15498.4092 | kl_coef 0.3827
Test MSE: 3.1707
Epoch 0059 | test_loss 15817.4395 | test_ll -15813.2871 | test_mse 3.1634 | kl 16.6598 | fp_std 0.1224 | train_loss 15460.2119 | kl_coef 0.3889
Test MSE: 3.1634
Epoch 0060 | test_loss 15777.8135 | test_ll -15774.4043 | test_mse 3.1556 | kl 16.6263 | fp_std 0.1236 | train_loss 15428.4141 | kl_coef 0.3950
Test MSE: 3.1556
Epoch 0061 | test_loss 15743.9580 | test_ll -15740.4668 | test_mse 3.1488 | kl 16.6454 | fp_std 0.1250 | train_loss 15400.3271 | kl_coef 0.4010
Test MSE: 3.1488
Epoch 0062 | test_loss 15694.0674 | test_ll -15690.8125 | test_mse 3.1389 | kl 16.5658 | fp_std 0.1244 | train_loss 15351.5146 | kl_coef 0.4070
Test MSE: 3.1389
Epoch 0063 | test_loss 15656.8291 | test_ll -15655.2480 | test_mse 3.1318 | kl 16.4775 | fp_std 0.1227 | train_loss 15306.6152 | kl_coef 0.4130
Test MSE: 3.1318
Epoch 0064 | test_loss 15608.9658 | test_ll -15606.1348 | test_mse 3.1220 | kl 16.4713 | fp_std 0.1216 | train_loss 15269.5342 | kl_coef 0.4188
Test MSE: 3.1220
Epoch 0065 | test_loss 15545.7988 | test_ll -15544.9707 | test_mse 3.1097 | kl 16.3881 | fp_std 0.1226 | train_loss 15216.8164 | kl_coef 0.4246
Test MSE: 3.1097
Epoch 0066 | test_loss 15480.0898 | test_ll -15481.2715 | test_mse 3.0970 | kl 16.2732 | fp_std 0.1247 | train_loss 15162.6943 | kl_coef 0.4304
Test MSE: 3.0970
Epoch 0067 | test_loss 15422.8438 | test_ll -15420.6826 | test_mse 3.0849 | kl 16.1743 | fp_std 0.1283 | train_loss 15094.8477 | kl_coef 0.4361
Test MSE: 3.0849
Epoch 0068 | test_loss 15364.8359 | test_ll -15363.1787 | test_mse 3.0734 | kl 16.1550 | fp_std 0.1292 | train_loss 15019.5947 | kl_coef 0.4417
Test MSE: 3.0734
Epoch 0069 | test_loss 15287.6982 | test_ll -15285.0723 | test_mse 3.0578 | kl 16.0342 | fp_std 0.1290 | train_loss 14952.1260 | kl_coef 0.4473
Test MSE: 3.0578
Epoch 0070 | test_loss 15197.0664 | test_ll -15196.6982 | test_mse 3.0401 | kl 16.0593 | fp_std 0.1289 | train_loss 14889.5898 | kl_coef 0.4528
Test MSE: 3.0401
Epoch 0071 | test_loss 15131.4033 | test_ll -15130.4951 | test_mse 3.0268 | kl 15.9938 | fp_std 0.1303 | train_loss 14812.3643 | kl_coef 0.4583
Test MSE: 3.0268
Epoch 0072 | test_loss 15049.8848 | test_ll -15053.1523 | test_mse 3.0114 | kl 15.9439 | fp_std 0.1332 | train_loss 14716.2021 | kl_coef 0.4637
Test MSE: 3.0114
Epoch 0073 | test_loss 14952.9639 | test_ll -14961.7441 | test_mse 2.9931 | kl 15.8772 | fp_std 0.1317 | train_loss 14650.2871 | kl_coef 0.4691
Test MSE: 2.9931
Epoch 0074 | test_loss 14899.9121 | test_ll -14899.3975 | test_mse 2.9806 | kl 16.0361 | fp_std 0.1266 | train_loss 14572.6416 | kl_coef 0.4744
Test MSE: 2.9806
Epoch 0075 | test_loss 14812.5127 | test_ll -14814.4004 | test_mse 2.9636 | kl 16.0750 | fp_std 0.1236 | train_loss 14486.5938 | kl_coef 0.4797
Test MSE: 2.9636
Epoch 0076 | test_loss 14740.7412 | test_ll -14750.0420 | test_mse 2.9507 | kl 16.0985 | fp_std 0.1218 | train_loss 14420.2354 | kl_coef 0.4849
Test MSE: 2.9507
Epoch 0077 | test_loss 14665.8262 | test_ll -14662.5469 | test_mse 2.9332 | kl 16.1019 | fp_std 0.1193 | train_loss 14354.3496 | kl_coef 0.4900
Test MSE: 2.9332
Epoch 0078 | test_loss 14609.8574 | test_ll -14610.8711 | test_mse 2.9229 | kl 16.1076 | fp_std 0.1160 | train_loss 14283.5293 | kl_coef 0.4951
Test MSE: 2.9229
Epoch 0079 | test_loss 14541.9453 | test_ll -14545.6914 | test_mse 2.9099 | kl 16.1659 | fp_std 0.1121 | train_loss 14218.8584 | kl_coef 0.5002
Test MSE: 2.9099
Epoch 0080 | test_loss 14473.1914 | test_ll -14472.9912 | test_mse 2.8953 | kl 16.1973 | fp_std 0.1085 | train_loss 14146.2656 | kl_coef 0.5052
Test MSE: 2.8953
Epoch 0081 | test_loss 14412.9541 | test_ll -14417.6777 | test_mse 2.8843 | kl 16.1756 | fp_std 0.1020 | train_loss 14099.2178 | kl_coef 0.5101
Test MSE: 2.8843
Epoch 0082 | test_loss 14347.9512 | test_ll -14352.1074 | test_mse 2.8712 | kl 16.2382 | fp_std 0.1000 | train_loss 14036.8613 | kl_coef 0.5150
Test MSE: 2.8712
Epoch 0083 | test_loss 14282.8779 | test_ll -14285.1328 | test_mse 2.8578 | kl 16.2843 | fp_std 0.0975 | train_loss 13962.8691 | kl_coef 0.5199
Test MSE: 2.8578
Epoch 0084 | test_loss 14249.9346 | test_ll -14248.0605 | test_mse 2.8503 | kl 16.1605 | fp_std 0.0955 | train_loss 13935.3047 | kl_coef 0.5247
Test MSE: 2.8503
Epoch 0085 | test_loss 14209.4209 | test_ll -14220.9600 | test_mse 2.8449 | kl 16.0115 | fp_std 0.0944 | train_loss 13911.9102 | kl_coef 0.5294
Test MSE: 2.8449
Epoch 0086 | test_loss 14171.9961 | test_ll -14190.3242 | test_mse 2.8388 | kl 16.0917 | fp_std 0.0927 | train_loss 13896.5332 | kl_coef 0.5341
Test MSE: 2.8388
Epoch 0087 | test_loss 14128.3252 | test_ll -14143.8535 | test_mse 2.8295 | kl 16.0536 | fp_std 0.0922 | train_loss 13826.7627 | kl_coef 0.5388
Test MSE: 2.8295
Epoch 0088 | test_loss 14070.7959 | test_ll -14079.3711 | test_mse 2.8166 | kl 16.2493 | fp_std 0.0881 | train_loss 13751.1748 | kl_coef 0.5434
Test MSE: 2.8166
Epoch 0089 | test_loss 14028.1816 | test_ll -14029.4648 | test_mse 2.8066 | kl 16.3627 | fp_std 0.0852 | train_loss 13671.0977 | kl_coef 0.5480
Test MSE: 2.8066
Epoch 0090 | test_loss 13982.4463 | test_ll -13983.0527 | test_mse 2.7973 | kl 16.3999 | fp_std 0.0824 | train_loss 13637.9609 | kl_coef 0.5525
Test MSE: 2.7973
Epoch 0091 | test_loss 13931.8223 | test_ll -13942.6396 | test_mse 2.7893 | kl 16.5135 | fp_std 0.0794 | train_loss 13567.9375 | kl_coef 0.5570
Test MSE: 2.7893
Epoch 0092 | test_loss 13870.0059 | test_ll -13880.2246 | test_mse 2.7768 | kl 16.6268 | fp_std 0.0770 | train_loss 13542.9775 | kl_coef 0.5614
Test MSE: 2.7768
Epoch 0093 | test_loss 13842.5479 | test_ll -13842.8340 | test_mse 2.7693 | kl 16.5687 | fp_std 0.0770 | train_loss 13497.6543 | kl_coef 0.5658
Test MSE: 2.7693
Epoch 0094 | test_loss 13786.1504 | test_ll -13780.1309 | test_mse 2.7568 | kl 16.4989 | fp_std 0.0766 | train_loss 13446.1182 | kl_coef 0.5701
Test MSE: 2.7568
Epoch 0095 | test_loss 13759.4121 | test_ll -13751.6787 | test_mse 2.7511 | kl 16.5918 | fp_std 0.0747 | train_loss 13408.9814 | kl_coef 0.5744
Test MSE: 2.7511
Epoch 0096 | test_loss 13683.7148 | test_ll -13688.9004 | test_mse 2.7385 | kl 16.5803 | fp_std 0.0720 | train_loss 13355.8447 | kl_coef 0.5787
Test MSE: 2.7385
Epoch 0097 | test_loss 13659.4189 | test_ll -13661.6279 | test_mse 2.7331 | kl 16.7250 | fp_std 0.0697 | train_loss 13340.9795 | kl_coef 0.5829
Test MSE: 2.7331
Epoch 0098 | test_loss 13622.3613 | test_ll -13618.1621 | test_mse 2.7244 | kl 16.7674 | fp_std 0.0675 | train_loss 13296.2549 | kl_coef 0.5871
Test MSE: 2.7244
Epoch 0099 | test_loss 13567.7480 | test_ll -13567.9482 | test_mse 2.7143 | kl 16.8087 | fp_std 0.0667 | train_loss 13248.9795 | kl_coef 0.5912
Test MSE: 2.7143
Epoch 0100 | test_loss 13529.8867 | test_ll -13526.0391 | test_mse 2.7059 | kl 16.8215 | fp_std 0.0675 | train_loss 13185.2881 | kl_coef 0.5953
Test MSE: 2.7059
/home/atiwari/Annealing_Experiment/Experiments/run_models.py
/home/atiwari/Annealing_Experiment/Experiments/run_models.py --dataset spiral --latent-ode --spiral -n 1000 -b 100 --niters 250 --lr 0.01 --timepoints 50 --max-t 18.85 --noise-weight 0.1 --latents 6 --save /home/atiwari/Annealing_Experiment/ODE-RNN_Results/niters-250_lr-0.01_latents-6_tp-50_noise-0.1
Experiment 33063
/home/atiwari/Annealing_Experiment/.venv/lib/python3.13/site-packages/torchdiffeq/_impl/misc.py:306: UserWarning: t is not on the same device as y0. Coercing to y0.device.
  warnings.warn("t is not on the same device as y0. Coercing to y0.device.")
Epoch 0001 | test_loss 21106.9336 | test_ll -21126.0117 | test_mse 4.2259 | kl 9.1317 | fp_std 0.5962 | train_loss 21532.5000 | kl_coef 0.0000
Test MSE: 4.2259
Epoch 0002 | test_loss 17331.0840 | test_ll -17351.4375 | test_mse 3.4710 | kl 15.7487 | fp_std 0.6273 | train_loss 17479.8926 | kl_coef 0.0000
Test MSE: 3.4710
Epoch 0003 | test_loss 16454.2207 | test_ll -16459.4258 | test_mse 3.2926 | kl 22.1376 | fp_std 0.4583 | train_loss 16163.0371 | kl_coef 0.0000
Test MSE: 3.2926
Epoch 0004 | test_loss 16477.4180 | test_ll -16484.5625 | test_mse 3.2976 | kl 24.8447 | fp_std 0.4665 | train_loss 16165.2051 | kl_coef 0.0000
Test MSE: 3.2976
Epoch 0005 | test_loss 16345.6074 | test_ll -16349.0117 | test_mse 3.2705 | kl 25.1234 | fp_std 0.4293 | train_loss 16077.0723 | kl_coef 0.0000
Test MSE: 3.2705
Epoch 0006 | test_loss 16284.4258 | test_ll -16300.0020 | test_mse 3.2607 | kl 24.4951 | fp_std 0.4173 | train_loss 16065.5693 | kl_coef 0.0000
Test MSE: 3.2607
Epoch 0007 | test_loss 16277.7959 | test_ll -16284.7715 | test_mse 3.2577 | kl 24.7074 | fp_std 0.3379 | train_loss 16019.5039 | kl_coef 0.0000
Test MSE: 3.2577
Epoch 0008 | test_loss 16248.7920 | test_ll -16254.1172 | test_mse 3.2516 | kl 25.3761 | fp_std 0.2881 | train_loss 15981.9746 | kl_coef 0.0000
Test MSE: 3.2516
Epoch 0009 | test_loss 16229.0625 | test_ll -16234.5654 | test_mse 3.2477 | kl 25.0053 | fp_std 0.3177 | train_loss 15945.3301 | kl_coef 0.0000
Test MSE: 3.2477
Epoch 0010 | test_loss 16225.7607 | test_ll -16230.0586 | test_mse 3.2467 | kl 24.8689 | fp_std 0.2979 | train_loss 15898.5645 | kl_coef 0.0000
Test MSE: 3.2467
Epoch 0011 | test_loss 16194.8818 | test_ll -16202.4199 | test_mse 3.2412 | kl 24.7494 | fp_std 0.3148 | train_loss 15887.4707 | kl_coef 0.0100
Test MSE: 3.2412
Epoch 0012 | test_loss 16175.5078 | test_ll -16184.5732 | test_mse 3.2377 | kl 24.5450 | fp_std 0.3235 | train_loss 15875.8740 | kl_coef 0.0199
Test MSE: 3.2377
Epoch 0013 | test_loss 16165.3682 | test_ll -16177.1318 | test_mse 3.2362 | kl 24.2951 | fp_std 0.3216 | train_loss 15868.6553 | kl_coef 0.0297
Test MSE: 3.2362
Epoch 0014 | test_loss 16151.2607 | test_ll -16153.7529 | test_mse 3.2315 | kl 24.6852 | fp_std 0.2713 | train_loss 15825.6309 | kl_coef 0.0394
Test MSE: 3.2315
Epoch 0015 | test_loss 16127.0830 | test_ll -16130.5186 | test_mse 3.2268 | kl 24.4165 | fp_std 0.2792 | train_loss 15798.2617 | kl_coef 0.0490
Test MSE: 3.2268
Epoch 0016 | test_loss 16088.6055 | test_ll -16107.2646 | test_mse 3.2222 | kl 23.8755 | fp_std 0.2988 | train_loss 15731.9844 | kl_coef 0.0585
Test MSE: 3.2222
Epoch 0017 | test_loss 16036.3916 | test_ll -16055.7646 | test_mse 3.2119 | kl 23.6830 | fp_std 0.3126 | train_loss 15687.1855 | kl_coef 0.0679
Test MSE: 3.2119
Epoch 0018 | test_loss 15951.5205 | test_ll -15952.3730 | test_mse 3.1912 | kl 23.4266 | fp_std 0.3195 | train_loss 15600.3389 | kl_coef 0.0773
Test MSE: 3.1912
Epoch 0019 | test_loss 15792.8984 | test_ll -15807.4805 | test_mse 3.1622 | kl 23.1153 | fp_std 0.3258 | train_loss 15458.3516 | kl_coef 0.0865
Test MSE: 3.1622
Epoch 0020 | test_loss 15580.2529 | test_ll -15600.5029 | test_mse 3.1208 | kl 22.3336 | fp_std 0.3604 | train_loss 15332.6592 | kl_coef 0.0956
Test MSE: 3.1208
Epoch 0021 | test_loss 15436.8096 | test_ll -15444.0000 | test_mse 3.0895 | kl 22.7162 | fp_std 0.3417 | train_loss 15151.8359 | kl_coef 0.1047
Test MSE: 3.0895
Epoch 0022 | test_loss 15167.0674 | test_ll -15184.9980 | test_mse 3.0377 | kl 22.9366 | fp_std 0.3111 | train_loss 14894.8672 | kl_coef 0.1136
Test MSE: 3.0377
Epoch 0023 | test_loss 14901.9023 | test_ll -14909.9668 | test_mse 2.9827 | kl 22.6952 | fp_std 0.3145 | train_loss 14661.0527 | kl_coef 0.1225
Test MSE: 2.9827
Epoch 0024 | test_loss 14469.8184 | test_ll -14496.0938 | test_mse 2.9000 | kl 22.2220 | fp_std 0.3153 | train_loss 14359.2734 | kl_coef 0.1313
Test MSE: 2.9000
Epoch 0025 | test_loss 14150.1670 | test_ll -14168.5967 | test_mse 2.8345 | kl 22.4233 | fp_std 0.2994 | train_loss 13962.4629 | kl_coef 0.1399
Test MSE: 2.8345
Epoch 0026 | test_loss 14422.0078 | test_ll -14447.5996 | test_mse 2.8903 | kl 22.0165 | fp_std 0.3195 | train_loss 13550.6318 | kl_coef 0.1485
Test MSE: 2.8903
Epoch 0027 | test_loss 13613.0918 | test_ll -13628.2930 | test_mse 2.7264 | kl 22.0337 | fp_std 0.2930 | train_loss 13141.9453 | kl_coef 0.1571
Test MSE: 2.7264
Epoch 0028 | test_loss 12939.8945 | test_ll -12971.2725 | test_mse 2.5950 | kl 22.5647 | fp_std 0.2700 | train_loss 12829.6992 | kl_coef 0.1655
Test MSE: 2.5950
Epoch 0029 | test_loss 12744.4590 | test_ll -12797.1855 | test_mse 2.5602 | kl 22.8636 | fp_std 0.2207 | train_loss 12317.9307 | kl_coef 0.1738
Test MSE: 2.5602
Epoch 0030 | test_loss 11720.5176 | test_ll -11740.9092 | test_mse 2.3489 | kl 22.6919 | fp_std 0.2212 | train_loss 11768.0400 | kl_coef 0.1821
Test MSE: 2.3489
Epoch 0031 | test_loss 11377.6240 | test_ll -11403.3418 | test_mse 2.2814 | kl 22.6784 | fp_std 0.1992 | train_loss 11377.1514 | kl_coef 0.1903
Test MSE: 2.2814
Epoch 0032 | test_loss 11895.4463 | test_ll -11941.5605 | test_mse 2.3890 | kl 21.4268 | fp_std 0.2631 | train_loss 11222.1670 | kl_coef 0.1984
Test MSE: 2.3890
Epoch 0033 | test_loss 11707.1064 | test_ll -11726.7803 | test_mse 2.3461 | kl 22.2334 | fp_std 0.2293 | train_loss 11593.4551 | kl_coef 0.2064
Test MSE: 2.3461
Epoch 0034 | test_loss 10899.9443 | test_ll -10906.7139 | test_mse 2.1821 | kl 22.9347 | fp_std 0.2031 | train_loss 10433.3262 | kl_coef 0.2143
Test MSE: 2.1821
Epoch 0035 | test_loss 10308.5000 | test_ll -10308.2207 | test_mse 2.0624 | kl 23.1811 | fp_std 0.1864 | train_loss 10290.4023 | kl_coef 0.2222
Test MSE: 2.0624
Epoch 0036 | test_loss 9716.3008 | test_ll -9749.0889 | test_mse 1.9506 | kl 22.8386 | fp_std 0.1966 | train_loss 9759.6074 | kl_coef 0.2300
Test MSE: 1.9506
Epoch 0037 | test_loss 9761.8750 | test_ll -9781.6621 | test_mse 1.9571 | kl 23.1192 | fp_std 0.1745 | train_loss 10940.0244 | kl_coef 0.2377
Test MSE: 1.9571
Epoch 0038 | test_loss 9736.7246 | test_ll -9760.5127 | test_mse 1.9528 | kl 22.8996 | fp_std 0.2412 | train_loss 9807.6436 | kl_coef 0.2453
Test MSE: 1.9528
Epoch 0039 | test_loss 9498.4473 | test_ll -9534.6123 | test_mse 1.9077 | kl 22.4835 | fp_std 0.1701 | train_loss 9351.2041 | kl_coef 0.2528
Test MSE: 1.9077
Epoch 0040 | test_loss 9019.6230 | test_ll -9046.3359 | test_mse 1.8100 | kl 21.4113 | fp_std 0.1964 | train_loss 9263.4863 | kl_coef 0.2603
Test MSE: 1.8100
Epoch 0041 | test_loss 8270.0146 | test_ll -8289.6348 | test_mse 1.6587 | kl 21.4764 | fp_std 0.1899 | train_loss 8602.0166 | kl_coef 0.2677
Test MSE: 1.6587
Epoch 0042 | test_loss 7892.9287 | test_ll -7902.3491 | test_mse 1.5812 | kl 22.0973 | fp_std 0.1844 | train_loss 8016.3779 | kl_coef 0.2750
Test MSE: 1.5812
Epoch 0043 | test_loss 7680.0537 | test_ll -7695.3584 | test_mse 1.5398 | kl 22.1513 | fp_std 0.1731 | train_loss 7511.0786 | kl_coef 0.2823
Test MSE: 1.5398
Epoch 0044 | test_loss 7139.1377 | test_ll -7170.9814 | test_mse 1.4349 | kl 22.1147 | fp_std 0.1347 | train_loss 7569.2808 | kl_coef 0.2894
Test MSE: 1.4349
Epoch 0045 | test_loss 7037.1973 | test_ll -7038.1016 | test_mse 1.4084 | kl 22.0103 | fp_std 0.1287 | train_loss 7110.3911 | kl_coef 0.2966
Test MSE: 1.4084
Epoch 0046 | test_loss 6708.4150 | test_ll -6711.9565 | test_mse 1.3431 | kl 22.0288 | fp_std 0.1120 | train_loss 6784.4121 | kl_coef 0.3036
Test MSE: 1.3431
Epoch 0047 | test_loss 6488.5210 | test_ll -6499.8921 | test_mse 1.3007 | kl 21.8231 | fp_std 0.1138 | train_loss 6601.5571 | kl_coef 0.3106
Test MSE: 1.3007
Epoch 0048 | test_loss 6379.4248 | test_ll -6392.2764 | test_mse 1.2792 | kl 21.4606 | fp_std 0.1251 | train_loss 6622.8706 | kl_coef 0.3174
Test MSE: 1.2792
Epoch 0049 | test_loss 6856.0757 | test_ll -6889.2812 | test_mse 1.3786 | kl 21.2745 | fp_std 0.1434 | train_loss 6643.2461 | kl_coef 0.3243
Test MSE: 1.3786
Epoch 0050 | test_loss 6396.1138 | test_ll -6406.5508 | test_mse 1.2820 | kl 21.2462 | fp_std 0.1287 | train_loss 6288.1108 | kl_coef 0.3310
Test MSE: 1.2820
Epoch 0051 | test_loss 6112.6338 | test_ll -6118.9805 | test_mse 1.2245 | kl 21.1653 | fp_std 0.1244 | train_loss 6297.1118 | kl_coef 0.3377
Test MSE: 1.2245
Epoch 0052 | test_loss 6013.4331 | test_ll -6015.2397 | test_mse 1.2038 | kl 20.9237 | fp_std 0.1327 | train_loss 5925.6772 | kl_coef 0.3443
Test MSE: 1.2038
Epoch 0053 | test_loss 5758.2109 | test_ll -5756.5322 | test_mse 1.1520 | kl 21.1269 | fp_std 0.0986 | train_loss 5831.1772 | kl_coef 0.3509
Test MSE: 1.1520
Epoch 0054 | test_loss 5576.9727 | test_ll -5579.4990 | test_mse 1.1166 | kl 20.9867 | fp_std 0.0963 | train_loss 5571.3364 | kl_coef 0.3574
Test MSE: 1.1166
Epoch 0055 | test_loss 5450.0078 | test_ll -5450.8613 | test_mse 1.0909 | kl 20.7400 | fp_std 0.0914 | train_loss 5442.2192 | kl_coef 0.3638
Test MSE: 1.0909
Epoch 0056 | test_loss 5313.2397 | test_ll -5309.7495 | test_mse 1.0627 | kl 20.6670 | fp_std 0.0831 | train_loss 5291.6284 | kl_coef 0.3702
Test MSE: 1.0627
Epoch 0057 | test_loss 5196.6724 | test_ll -5209.6401 | test_mse 1.0427 | kl 20.4296 | fp_std 0.0816 | train_loss 5160.5557 | kl_coef 0.3765
Test MSE: 1.0427
Epoch 0058 | test_loss 5019.6987 | test_ll -5022.2705 | test_mse 1.0052 | kl 20.3763 | fp_std 0.0796 | train_loss 4993.6978 | kl_coef 0.3827
Test MSE: 1.0052
Epoch 0059 | test_loss 4869.4702 | test_ll -4876.9028 | test_mse 0.9761 | kl 20.0554 | fp_std 0.0769 | train_loss 4841.0645 | kl_coef 0.3889
Test MSE: 0.9761
Epoch 0060 | test_loss 4716.8257 | test_ll -4723.0054 | test_mse 0.9453 | kl 19.9491 | fp_std 0.0771 | train_loss 4731.4121 | kl_coef 0.3950
Test MSE: 0.9453
Epoch 0061 | test_loss 4660.8491 | test_ll -4666.4858 | test_mse 0.9340 | kl 19.5084 | fp_std 0.0838 | train_loss 4548.2905 | kl_coef 0.4010
Test MSE: 0.9340
Epoch 0062 | test_loss 4572.1875 | test_ll -4616.3608 | test_mse 0.9240 | kl 19.2414 | fp_std 0.0815 | train_loss 4420.0132 | kl_coef 0.4070
Test MSE: 0.9240
Epoch 0063 | test_loss 4452.4761 | test_ll -4450.9072 | test_mse 0.8909 | kl 18.8875 | fp_std 0.0841 | train_loss 4336.4155 | kl_coef 0.4130
Test MSE: 0.8909
Epoch 0064 | test_loss 4274.6235 | test_ll -4272.4619 | test_mse 0.8552 | kl 18.6520 | fp_std 0.0785 | train_loss 4167.6455 | kl_coef 0.4188
Test MSE: 0.8552
Epoch 0065 | test_loss 4132.0308 | test_ll -4135.3643 | test_mse 0.8278 | kl 18.5386 | fp_std 0.0845 | train_loss 4015.2073 | kl_coef 0.4246
Test MSE: 0.8278
Epoch 0066 | test_loss 4002.4019 | test_ll -4010.7654 | test_mse 0.8029 | kl 18.4522 | fp_std 0.0744 | train_loss 3804.1892 | kl_coef 0.4304
Test MSE: 0.8029
Epoch 0067 | test_loss 3855.1858 | test_ll -3874.0115 | test_mse 0.7755 | kl 18.2561 | fp_std 0.0754 | train_loss 3775.9395 | kl_coef 0.4361
Test MSE: 0.7755
Epoch 0068 | test_loss 3765.8604 | test_ll -3763.3931 | test_mse 0.7534 | kl 18.0087 | fp_std 0.0739 | train_loss 3637.2729 | kl_coef 0.4417
Test MSE: 0.7534
Epoch 0069 | test_loss 3713.8792 | test_ll -3720.3406 | test_mse 0.7448 | kl 18.0038 | fp_std 0.0698 | train_loss 3541.5940 | kl_coef 0.4473
Test MSE: 0.7448
Epoch 0070 | test_loss 3746.7878 | test_ll -3742.3521 | test_mse 0.7492 | kl 17.8657 | fp_std 0.0701 | train_loss 3625.9026 | kl_coef 0.4528
Test MSE: 0.7492
Epoch 0071 | test_loss 3705.0886 | test_ll -3714.7832 | test_mse 0.7437 | kl 17.7272 | fp_std 0.0721 | train_loss 3944.1992 | kl_coef 0.4583
Test MSE: 0.7437
Epoch 0072 | test_loss 3575.5906 | test_ll -3577.2100 | test_mse 0.7162 | kl 17.5600 | fp_std 0.0772 | train_loss 3644.2175 | kl_coef 0.4637
Test MSE: 0.7162
Epoch 0073 | test_loss 3828.0122 | test_ll -3854.9871 | test_mse 0.7717 | kl 17.8291 | fp_std 0.0861 | train_loss 3431.2549 | kl_coef 0.4691
Test MSE: 0.7717
Epoch 0074 | test_loss 3568.2012 | test_ll -3572.4431 | test_mse 0.7152 | kl 17.1529 | fp_std 0.0922 | train_loss 3272.7024 | kl_coef 0.4744
Test MSE: 0.7152
Epoch 0075 | test_loss 3331.9722 | test_ll -3337.1294 | test_mse 0.6682 | kl 17.4038 | fp_std 0.0748 | train_loss 3216.4490 | kl_coef 0.4797
Test MSE: 0.6682
Epoch 0076 | test_loss 3366.8726 | test_ll -3362.2544 | test_mse 0.6732 | kl 17.4578 | fp_std 0.0663 | train_loss 3144.0386 | kl_coef 0.4849
Test MSE: 0.6732
Epoch 0077 | test_loss 3193.0825 | test_ll -3197.6987 | test_mse 0.6403 | kl 17.6890 | fp_std 0.0588 | train_loss 3090.1792 | kl_coef 0.4900
Test MSE: 0.6403
Epoch 0078 | test_loss 3968.3374 | test_ll -3964.3367 | test_mse 0.7936 | kl 17.8019 | fp_std 0.0760 | train_loss 3734.2532 | kl_coef 0.4951
Test MSE: 0.7936
Epoch 0079 | test_loss 4347.0254 | test_ll -4433.0347 | test_mse 0.8873 | kl 16.8103 | fp_std 0.0664 | train_loss 4831.3633 | kl_coef 0.5002
Test MSE: 0.8873
Epoch 0080 | test_loss 6442.1479 | test_ll -6503.8804 | test_mse 1.3015 | kl 14.8814 | fp_std 0.0790 | train_loss 7309.1206 | kl_coef 0.5052
Test MSE: 1.3015
Epoch 0081 | test_loss 6133.2886 | test_ll -6184.2529 | test_mse 1.2376 | kl 14.6057 | fp_std 0.0937 | train_loss 7600.2661 | kl_coef 0.5101
Test MSE: 1.2376
Epoch 0082 | test_loss 6318.9033 | test_ll -6506.5371 | test_mse 1.3020 | kl 14.7464 | fp_std 0.1117 | train_loss 6352.9937 | kl_coef 0.5150
Test MSE: 1.3020
Epoch 0083 | test_loss 5953.8599 | test_ll -6054.3906 | test_mse 1.2116 | kl 14.8480 | fp_std 0.1137 | train_loss 5364.3438 | kl_coef 0.5199
Test MSE: 1.2116
Epoch 0084 | test_loss 5264.7852 | test_ll -5357.5796 | test_mse 1.0723 | kl 15.4842 | fp_std 0.1072 | train_loss 4932.7544 | kl_coef 0.5247
Test MSE: 1.0723
Epoch 0085 | test_loss 5263.3970 | test_ll -5321.1562 | test_mse 1.0650 | kl 15.0931 | fp_std 0.1108 | train_loss 4291.9419 | kl_coef 0.5294
Test MSE: 1.0650
Epoch 0086 | test_loss 4440.0630 | test_ll -4529.3535 | test_mse 0.9066 | kl 15.2561 | fp_std 0.0933 | train_loss 3909.3438 | kl_coef 0.5341
Test MSE: 0.9066
Epoch 0087 | test_loss 4017.9409 | test_ll -4095.9038 | test_mse 0.8199 | kl 15.3454 | fp_std 0.0939 | train_loss 3659.3489 | kl_coef 0.5388
Test MSE: 0.8199
Epoch 0088 | test_loss 4146.4712 | test_ll -4408.6562 | test_mse 0.8825 | kl 15.2344 | fp_std 0.1008 | train_loss 3746.1975 | kl_coef 0.5434
Test MSE: 0.8825
Epoch 0089 | test_loss 3951.8887 | test_ll -4076.9819 | test_mse 0.8161 | kl 15.4852 | fp_std 0.0881 | train_loss 3574.2849 | kl_coef 0.5480
Test MSE: 0.8161
Epoch 0090 | test_loss 3708.6482 | test_ll -3862.7759 | test_mse 0.7733 | kl 15.2352 | fp_std 0.0925 | train_loss 3556.7373 | kl_coef 0.5525
Test MSE: 0.7733
Epoch 0091 | test_loss 3431.2927 | test_ll -3443.1719 | test_mse 0.6894 | kl 15.4201 | fp_std 0.0876 | train_loss 3263.7031 | kl_coef 0.5570
Test MSE: 0.6894
Epoch 0092 | test_loss 3735.0598 | test_ll -3804.7925 | test_mse 0.7617 | kl 15.3645 | fp_std 0.0896 | train_loss 3248.9590 | kl_coef 0.5614
Test MSE: 0.7617
Epoch 0093 | test_loss 3940.9739 | test_ll -3966.8101 | test_mse 0.7941 | kl 15.3204 | fp_std 0.0981 | train_loss 3343.1909 | kl_coef 0.5658
Test MSE: 0.7941
Epoch 0094 | test_loss 3792.4922 | test_ll -3801.6128 | test_mse 0.7611 | kl 15.1172 | fp_std 0.0974 | train_loss 3457.1272 | kl_coef 0.5701
Test MSE: 0.7611
Epoch 0095 | test_loss 3651.3030 | test_ll -3689.5469 | test_mse 0.7386 | kl 15.1184 | fp_std 0.0878 | train_loss 2992.5950 | kl_coef 0.5744
Test MSE: 0.7386
Epoch 0096 | test_loss 3626.7126 | test_ll -3816.0649 | test_mse 0.7640 | kl 15.3589 | fp_std 0.0782 | train_loss 2937.0762 | kl_coef 0.5787
Test MSE: 0.7640
Epoch 0097 | test_loss 3234.0505 | test_ll -3297.4451 | test_mse 0.6602 | kl 15.4566 | fp_std 0.0787 | train_loss 3043.6008 | kl_coef 0.5829
Test MSE: 0.6602
Epoch 0098 | test_loss 4052.8105 | test_ll -4074.0474 | test_mse 0.8155 | kl 15.5923 | fp_std 0.0811 | train_loss 3088.2458 | kl_coef 0.5871
Test MSE: 0.8155
Epoch 0099 | test_loss 3764.7170 | test_ll -3811.3687 | test_mse 0.7630 | kl 14.9228 | fp_std 0.0946 | train_loss 3370.4707 | kl_coef 0.5912
Test MSE: 0.7630
Epoch 0100 | test_loss 4330.1250 | test_ll -4372.6138 | test_mse 0.8753 | kl 14.8086 | fp_std 0.0939 | train_loss 4038.7417 | kl_coef 0.5953
Test MSE: 0.8753
Epoch 0101 | test_loss 5008.9419 | test_ll -5112.7568 | test_mse 1.0233 | kl 14.8177 | fp_std 0.0879 | train_loss 4630.8862 | kl_coef 0.5993
Test MSE: 1.0233
Epoch 0102 | test_loss 4397.7173 | test_ll -4414.6797 | test_mse 0.8837 | kl 15.2045 | fp_std 0.0838 | train_loss 4182.9380 | kl_coef 0.6033
Test MSE: 0.8837
Epoch 0103 | test_loss 4378.2588 | test_ll -4403.1895 | test_mse 0.8814 | kl 15.2106 | fp_std 0.0946 | train_loss 4269.8999 | kl_coef 0.6073
Test MSE: 0.8814
Epoch 0104 | test_loss 4395.4790 | test_ll -4399.1836 | test_mse 0.8806 | kl 15.3117 | fp_std 0.0907 | train_loss 4932.3833 | kl_coef 0.6112
Test MSE: 0.8806
Epoch 0105 | test_loss 4562.5054 | test_ll -4679.7417 | test_mse 0.9367 | kl 15.4658 | fp_std 0.0938 | train_loss 4338.9609 | kl_coef 0.6151
Test MSE: 0.9367
Epoch 0106 | test_loss 4389.9727 | test_ll -4423.9629 | test_mse 0.8855 | kl 15.3012 | fp_std 0.0869 | train_loss 3961.8914 | kl_coef 0.6190
Test MSE: 0.8855
Epoch 0107 | test_loss 4106.8408 | test_ll -4214.5449 | test_mse 0.8436 | kl 15.4322 | fp_std 0.0847 | train_loss 3783.7795 | kl_coef 0.6228
Test MSE: 0.8436
Epoch 0108 | test_loss 3788.0669 | test_ll -3841.4988 | test_mse 0.7690 | kl 15.2179 | fp_std 0.0837 | train_loss 3955.3005 | kl_coef 0.6265
Test MSE: 0.7690
Epoch 0109 | test_loss 4016.1414 | test_ll -4050.6406 | test_mse 0.8109 | kl 15.3435 | fp_std 0.0764 | train_loss 3925.7891 | kl_coef 0.6303
Test MSE: 0.8109
Epoch 0110 | test_loss 4025.0054 | test_ll -4047.1265 | test_mse 0.8102 | kl 15.3091 | fp_std 0.0801 | train_loss 3812.0029 | kl_coef 0.6340
Test MSE: 0.8102
Epoch 0111 | test_loss 4475.2227 | test_ll -4471.0371 | test_mse 0.8949 | kl 15.8472 | fp_std 0.0651 | train_loss 3447.0198 | kl_coef 0.6376
Test MSE: 0.8949
Epoch 0112 | test_loss 4076.5615 | test_ll -4208.7002 | test_mse 0.8425 | kl 15.3546 | fp_std 0.0864 | train_loss 3167.9170 | kl_coef 0.6413
Test MSE: 0.8425
Epoch 0113 | test_loss 4250.4888 | test_ll -4339.4771 | test_mse 0.8686 | kl 14.5923 | fp_std 0.0994 | train_loss 3842.2344 | kl_coef 0.6448
Test MSE: 0.8686
Epoch 0114 | test_loss 4239.9902 | test_ll -4276.8887 | test_mse 0.8561 | kl 14.5115 | fp_std 0.1097 | train_loss 3637.4551 | kl_coef 0.6484
Test MSE: 0.8561
Epoch 0115 | test_loss 3515.6338 | test_ll -3529.8093 | test_mse 0.7067 | kl 15.0992 | fp_std 0.0890 | train_loss 3490.1951 | kl_coef 0.6519
Test MSE: 0.7067
Epoch 0116 | test_loss 3338.1936 | test_ll -3363.6221 | test_mse 0.6735 | kl 15.4391 | fp_std 0.0769 | train_loss 3408.6370 | kl_coef 0.6554
Test MSE: 0.6735
Epoch 0117 | test_loss 3641.3706 | test_ll -3648.4170 | test_mse 0.7304 | kl 15.6357 | fp_std 0.0712 | train_loss 3282.6042 | kl_coef 0.6588
Test MSE: 0.7304
Epoch 0118 | test_loss 3604.7859 | test_ll -3611.4351 | test_mse 0.7230 | kl 15.7001 | fp_std 0.0639 | train_loss 3313.8550 | kl_coef 0.6622
Test MSE: 0.7230
Epoch 0119 | test_loss 3354.3843 | test_ll -3434.8367 | test_mse 0.6877 | kl 15.7972 | fp_std 0.0591 | train_loss 3136.1360 | kl_coef 0.6656
Test MSE: 0.6877
Epoch 0120 | test_loss 3396.9751 | test_ll -3429.4688 | test_mse 0.6866 | kl 15.7064 | fp_std 0.0603 | train_loss 3030.5864 | kl_coef 0.6690
Test MSE: 0.6866
Epoch 0121 | test_loss 3054.1675 | test_ll -3126.4590 | test_mse 0.6260 | kl 15.7995 | fp_std 0.0564 | train_loss 2957.3572 | kl_coef 0.6723
Test MSE: 0.6260
Epoch 0122 | test_loss 3076.7678 | test_ll -3205.2300 | test_mse 0.6418 | kl 15.9088 | fp_std 0.0546 | train_loss 2892.2952 | kl_coef 0.6756
Test MSE: 0.6418
Epoch 0123 | test_loss 3430.3645 | test_ll -3444.3696 | test_mse 0.6896 | kl 15.9019 | fp_std 0.0535 | train_loss 2927.2769 | kl_coef 0.6788
Test MSE: 0.6896
Epoch 0124 | test_loss 3348.9031 | test_ll -3386.5779 | test_mse 0.6781 | kl 15.8181 | fp_std 0.0543 | train_loss 2827.6301 | kl_coef 0.6820
Test MSE: 0.6781
Epoch 0125 | test_loss 3325.8369 | test_ll -3371.1052 | test_mse 0.6750 | kl 15.8515 | fp_std 0.0564 | train_loss 2759.9092 | kl_coef 0.6852
Test MSE: 0.6750
Epoch 0126 | test_loss 3211.8328 | test_ll -3259.0076 | test_mse 0.6525 | kl 15.9508 | fp_std 0.0559 | train_loss 3035.9932 | kl_coef 0.6883
Test MSE: 0.6525
Epoch 0127 | test_loss 3173.3506 | test_ll -3185.6309 | test_mse 0.6379 | kl 15.7257 | fp_std 0.0633 | train_loss 2772.4941 | kl_coef 0.6915
Test MSE: 0.6379
Epoch 0128 | test_loss 3145.0432 | test_ll -3251.5137 | test_mse 0.6510 | kl 15.6990 | fp_std 0.0630 | train_loss 2781.0059 | kl_coef 0.6945
Test MSE: 0.6510
Epoch 0129 | test_loss 3137.9326 | test_ll -3170.4048 | test_mse 0.6348 | kl 15.5960 | fp_std 0.0615 | train_loss 2664.9644 | kl_coef 0.6976
Test MSE: 0.6348
Epoch 0130 | test_loss 2972.7197 | test_ll -3010.3894 | test_mse 0.6028 | kl 15.9143 | fp_std 0.0583 | train_loss 2925.2415 | kl_coef 0.7006
Test MSE: 0.6028
Epoch 0131 | test_loss 2952.7031 | test_ll -3036.1089 | test_mse 0.6080 | kl 15.7759 | fp_std 0.0586 | train_loss 2652.7148 | kl_coef 0.7036
Test MSE: 0.6080
Epoch 0132 | test_loss 3235.1355 | test_ll -3273.9707 | test_mse 0.6555 | kl 15.5294 | fp_std 0.0623 | train_loss 2974.0007 | kl_coef 0.7066
Test MSE: 0.6555
Epoch 0133 | test_loss 3168.4675 | test_ll -3172.3755 | test_mse 0.6352 | kl 15.5738 | fp_std 0.0581 | train_loss 2951.4229 | kl_coef 0.7095
Test MSE: 0.6352
Epoch 0134 | test_loss 3166.3884 | test_ll -3168.0662 | test_mse 0.6344 | kl 15.9405 | fp_std 0.0534 | train_loss 2895.1628 | kl_coef 0.7124
Test MSE: 0.6344
Epoch 0135 | test_loss 3030.2019 | test_ll -3078.6294 | test_mse 0.6165 | kl 15.9219 | fp_std 0.0541 | train_loss 2641.4143 | kl_coef 0.7153
Test MSE: 0.6165
Epoch 0136 | test_loss 3184.9551 | test_ll -3195.2979 | test_mse 0.6398 | kl 16.0251 | fp_std 0.0586 | train_loss 2843.3396 | kl_coef 0.7181
Test MSE: 0.6398
Epoch 0137 | test_loss 2987.9792 | test_ll -2985.4253 | test_mse 0.5978 | kl 15.8887 | fp_std 0.0674 | train_loss 2767.2036 | kl_coef 0.7210
Test MSE: 0.5978
Epoch 0138 | test_loss 2855.8643 | test_ll -2918.0898 | test_mse 0.5844 | kl 16.0928 | fp_std 0.0601 | train_loss 2514.4133 | kl_coef 0.7237
Test MSE: 0.5844
Epoch 0139 | test_loss 2840.6526 | test_ll -2894.0291 | test_mse 0.5795 | kl 16.0814 | fp_std 0.0553 | train_loss 2590.6050 | kl_coef 0.7265
Test MSE: 0.5795
Epoch 0140 | test_loss 2831.2158 | test_ll -2967.5820 | test_mse 0.5943 | kl 16.1997 | fp_std 0.0488 | train_loss 2494.1667 | kl_coef 0.7292
Test MSE: 0.5943
Epoch 0141 | test_loss 3021.9783 | test_ll -3086.4167 | test_mse 0.6180 | kl 16.0094 | fp_std 0.0554 | train_loss 2432.6187 | kl_coef 0.7320
Test MSE: 0.6180
Epoch 0142 | test_loss 2783.6992 | test_ll -2869.7908 | test_mse 0.5747 | kl 15.9064 | fp_std 0.0625 | train_loss 2489.9353 | kl_coef 0.7346
Test MSE: 0.5747
Epoch 0143 | test_loss 2793.7295 | test_ll -2883.2683 | test_mse 0.5774 | kl 16.0618 | fp_std 0.0504 | train_loss 2460.2083 | kl_coef 0.7373
Test MSE: 0.5774
Epoch 0144 | test_loss 2724.8315 | test_ll -2781.5410 | test_mse 0.5570 | kl 16.0926 | fp_std 0.0517 | train_loss 2341.7676 | kl_coef 0.7399
Test MSE: 0.5570
Epoch 0145 | test_loss 2805.2888 | test_ll -2858.6812 | test_mse 0.5725 | kl 16.0508 | fp_std 0.0517 | train_loss 2500.8862 | kl_coef 0.7425
Test MSE: 0.5725
Epoch 0146 | test_loss 2798.5789 | test_ll -2835.1226 | test_mse 0.5678 | kl 15.8968 | fp_std 0.0542 | train_loss 2322.5125 | kl_coef 0.7451
Test MSE: 0.5678
Epoch 0147 | test_loss 2876.9219 | test_ll -2875.3076 | test_mse 0.5758 | kl 16.2428 | fp_std 0.0443 | train_loss 2297.5378 | kl_coef 0.7476
Test MSE: 0.5758
Epoch 0148 | test_loss 2722.4370 | test_ll -2786.8618 | test_mse 0.5581 | kl 16.2630 | fp_std 0.0465 | train_loss 2402.6760 | kl_coef 0.7502
Test MSE: 0.5581
Epoch 0149 | test_loss 2926.0488 | test_ll -2954.8569 | test_mse 0.5917 | kl 16.0232 | fp_std 0.0453 | train_loss 2298.1609 | kl_coef 0.7527
Test MSE: 0.5917
Epoch 0150 | test_loss 2914.8638 | test_ll -2941.4961 | test_mse 0.5890 | kl 16.0815 | fp_std 0.0478 | train_loss 2252.2488 | kl_coef 0.7551
Test MSE: 0.5890
Epoch 0151 | test_loss 2668.3174 | test_ll -2702.6980 | test_mse 0.5413 | kl 15.8867 | fp_std 0.0490 | train_loss 2405.7512 | kl_coef 0.7576
Test MSE: 0.5413
Epoch 0152 | test_loss 2470.1716 | test_ll -2615.8281 | test_mse 0.5239 | kl 15.9843 | fp_std 0.0518 | train_loss 2204.1846 | kl_coef 0.7600
Test MSE: 0.5239
Epoch 0153 | test_loss 2510.8259 | test_ll -2583.0640 | test_mse 0.5174 | kl 16.1532 | fp_std 0.0465 | train_loss 2178.1265 | kl_coef 0.7624
Test MSE: 0.5174
Epoch 0154 | test_loss 3043.3103 | test_ll -3128.1128 | test_mse 0.6264 | kl 16.5298 | fp_std 0.0448 | train_loss 2188.6641 | kl_coef 0.7648
Test MSE: 0.6264
Epoch 0155 | test_loss 2821.0195 | test_ll -2914.8220 | test_mse 0.5837 | kl 16.0202 | fp_std 0.0491 | train_loss 2166.3101 | kl_coef 0.7671
Test MSE: 0.5837
Epoch 0156 | test_loss 3617.8064 | test_ll -3652.5408 | test_mse 0.7312 | kl 16.0275 | fp_std 0.0509 | train_loss 2403.5930 | kl_coef 0.7695
Test MSE: 0.7312
Epoch 0157 | test_loss 3431.6377 | test_ll -3525.5762 | test_mse 0.7059 | kl 15.6221 | fp_std 0.0571 | train_loss 2583.8064 | kl_coef 0.7718
Test MSE: 0.7059
Traceback (most recent call last):
  File "/home/atiwari/Annealing_Experiment/Experiments/run_models.py", line 338, in <module>
    train_res = model.compute_all_losses(batch_dict, n_traj_samples = 3, kl_coef = kl_coef)
  File "/home/atiwari/Annealing_Experiment/lib/base_models.py", line 264, in compute_all_losses
    fp_distr = Normal(fp_mu, fp_std)
  File "/home/atiwari/Annealing_Experiment/.venv/lib/python3.13/site-packages/torch/distributions/normal.py", line 66, in __init__
    super().__init__(batch_shape, validate_args=validate_args)
    ~~~~~~~~~~~~~~~~^^^^^^^^^^^^^^^^^^^^^^^^^^^^^^^^^^^^^^^^^^
  File "/home/atiwari/Annealing_Experiment/.venv/lib/python3.13/site-packages/torch/distributions/distribution.py", line 77, in __init__
    raise ValueError(
    ...<5 lines>...
    )
ValueError: Expected parameter scale (Tensor of shape (1, 100, 6)) of distribution Normal(loc: torch.Size([1, 100, 6]), scale: torch.Size([1, 100, 6])) to satisfy the constraint GreaterThan(lower_bound=0.0), but found invalid values:
tensor([[[4.4502e-02, 2.9576e-03, 6.9418e-02, 1.0604e-01, 1.7843e-02,
          7.0783e-03],
         [4.6998e-02, 1.8489e-02, 3.4306e-02, 2.9976e-01, 5.9337e-02,
          4.5083e-02],
         [6.8985e-02, 1.5392e-02, 5.4357e-02, 3.0636e-02, 6.4809e-03,
          5.9991e-02],
         [1.9995e-02, 1.0522e-01, 5.0551e-03, 2.3115e-02, 1.1870e-01,
          1.3057e-01],
         [1.1451e-02, 2.2233e-02, 1.8466e-02, 5.2545e-02, 5.0760e-02,
          7.5101e-02],
         [2.3553e-02, 1.3701e-02, 3.5973e-02, 1.1768e-01, 9.1851e-04,
          1.9004e-02],
         [3.1629e-02, 1.5684e-02, 5.0072e-02, 3.0103e-01, 4.9076e-02,
          5.1885e-02],
         [1.9650e-02, 1.0462e-01, 1.9950e-03, 1.8203e-02, 1.1772e-01,
          1.3777e-01],
         [8.8650e-03, 3.1062e-02, 1.4628e-01, 5.8974e-02, 2.4264e-02,
          3.4427e-02],
         [1.0375e-02, 3.2595e-02, 1.5068e-01, 5.8792e-02, 2.4045e-02,
          3.3108e-02],
         [7.8447e-03, 2.1153e-02, 1.5649e-02, 3.3431e-03, 1.4705e-02,
          3.2874e-02],
         [3.4483e-02, 1.4277e-03, 6.0942e-02, 6.5994e-02, 1.0201e-02,
          5.9423e-03],
         [5.9591e-02, 4.8569e-04, 1.1006e-01, 9.5799e-02, 2.0586e-01,
          4.9364e-02],
         [3.3152e-02, 1.4847e-02, 5.0922e-03, 6.3311e-02, 1.6378e-02,
          1.2915e-01],
         [1.1408e-02, 2.7896e-02, 1.4745e-02, 2.1654e-02, 8.6696e-02,
          2.3418e-02],
         [6.8667e-02, 3.2727e-03, 1.9745e-02, 1.2907e-03, 1.4107e-02,
          1.5068e-02],
         [1.0665e-02, 2.0137e-02, 5.5625e-02, 7.3505e-02, 5.4257e-03,
          1.5217e-02],
         [2.4564e-02, 4.8552e-02, 6.0793e-02, 3.5052e-02, 1.6122e-01,
          7.2765e-02],
         [1.2462e-02, 1.9579e-02, 2.1927e-02, 8.3033e-03, 1.9608e-02,
          1.7434e-02],
         [4.0935e-02, 3.3651e-02, 2.2939e-02, 2.9014e-02, 2.4334e-02,
          2.4292e-02],
         [3.1769e-02, 1.1779e-03, 5.9942e-02, 1.0640e-02, 4.0457e-02,
          2.8779e-02],
         [2.8141e-02, 6.5607e-03, 3.5441e-02, 2.3183e-02, 8.2040e-04,
          7.0202e-02],
         [2.2330e-02, 3.1011e-02, 6.8925e-03, 4.9180e-03, 1.0159e-01,
          3.0345e-03],
         [2.0533e-02, 1.0259e-01, 7.4651e-04, 2.5720e-02, 1.2098e-01,
          1.3598e-01],
         [3.3859e-02, 1.7169e-03, 3.7078e-02, 9.4218e-03, 4.9276e-03,
          6.2252e-02],
         [2.7794e-02, 1.4292e-02, 3.9504e-02, 1.6736e-01, 1.9363e-02,
          2.8314e-02],
         [1.9610e-02, 2.9701e-02, 1.8094e-01, 5.1220e-02, 1.3125e-02,
          3.1860e-02],
         [4.4240e-02, 3.2173e-02, 4.6175e-02, 1.2721e-01, 6.0558e-02,
          5.3192e-03],
         [2.5210e-03, 1.1347e-01, 1.5833e-03, 2.6707e-02, 1.0869e-01,
          1.1008e-01],
         [1.5446e-02, 8.4299e-02, 2.9121e-02, 3.2133e-02, 1.2834e-01,
          1.5136e-01],
         [3.8637e-03, 2.0620e-03, 2.7643e-02, 3.7979e-02, 4.3901e-02,
          1.2458e-02],
         [2.9292e-02, 7.3394e-03, 1.1836e-03, 2.6733e-02, 2.1513e-02,
          5.2369e-02],
         [7.1964e-03, 6.2126e-02, 2.1613e-02, 5.3953e-02, 9.2647e-02,
          1.2896e-01],
         [3.2118e-02, 8.6415e-03, 3.1261e-02, 4.5590e-02, 6.1627e-02,
          1.4735e-01],
         [2.8915e-02, 3.4132e-03, 3.0774e-02, 5.2626e-02, 6.3822e-02,
          1.4559e-01],
         [5.4935e-03, 8.8257e-02, 4.9916e-02, 6.1251e-02, 1.4251e-01,
          4.5922e-02],
         [2.8844e-02, 1.5521e-02, 4.0735e-02, 1.8968e-01, 2.7974e-02,
          3.3366e-02],
         [4.9514e-02, 3.5968e-02, 5.1344e-02, 1.2591e-01, 6.3077e-02,
          1.2506e-02],
         [7.7972e-02, 1.9886e-02, 4.6977e-02, 1.2790e-03, 1.2677e-02,
          1.6493e-02],
         [3.6189e-02, 1.6390e-02, 4.7753e-02, 3.6721e-02, 8.9255e-02,
          1.7803e-02],
         [2.4324e-03, 1.1603e-01, 3.7762e-03, 3.1436e-02, 1.1068e-01,
          1.0198e-01],
         [7.8967e-03, 2.0926e-02, 6.5701e-02, 7.5206e-02, 9.5232e-03,
          2.0744e-02],
         [8.6594e-02, 4.2093e-02, 5.8636e-02, 7.4709e-02, 5.6552e-02,
          1.8662e-01],
         [6.2369e-02, 1.1936e-02, 1.0493e-01, 1.2797e-01, 1.5578e-01,
          2.5533e-02],
         [2.4526e-03, 2.2701e-02, 7.4147e-03, 1.3666e-02, 2.3750e-02,
          4.1879e-02],
         [1.4382e-02, 2.5173e-02, 7.6158e-03, 2.6388e-02, 2.8011e-04,
          8.4035e-02],
         [4.3783e-02, 2.9504e-02, 4.8728e-02, 2.5220e-02, 4.4211e-02,
          1.5063e-02],
         [2.8353e-02, 4.2367e-04, 6.1762e-02, 1.9827e-02, 3.5287e-02,
          2.5375e-02],
         [4.1904e-02, 7.6365e-03, 6.3848e-02, 2.1097e-02, 5.3982e-02,
          3.2729e-02],
         [7.8418e-02, 5.2650e-02, 6.4496e-02, 5.6710e-02, 5.5956e-02,
          1.8077e-01],
         [3.0865e-02, 6.2708e-03, 5.3967e-02, 8.7435e-02, 1.8278e-02,
          3.8057e-03],
         [2.2745e-02, 1.1756e-02, 6.0239e-02, 8.7189e-03, 1.2029e-02,
          1.1368e-01],
         [2.4875e-03, 1.4962e-02, 1.2571e-01, 8.2893e-02, 4.0003e-02,
          3.6246e-02],
         [6.8145e-03, 1.1916e-01, 2.8940e-03, 3.8878e-02, 1.0998e-01,
          9.2571e-02],
         [2.7779e-02, 5.2146e-02, 5.2788e-02, 2.9693e-02, 1.6026e-01,
          7.6749e-02],
         [2.6847e-02, 3.5506e-02, 1.8869e-01, 4.6496e-02, 6.1540e-03,
          2.7036e-02],
         [2.2069e-02, 2.3212e-03, 5.5891e-02, 8.2771e-02, 2.5841e-02,
          7.3078e-03],
         [1.0745e-02, 2.7524e-02, 5.1606e-02, 1.7734e-01, 2.4023e-02,
          4.8786e-03],
         [3.1647e-02, 2.0501e-02, 6.2381e-02, 4.0619e-02, 2.0667e-02,
          7.7409e-03],
         [3.9393e-02, 7.0256e-04, 6.5815e-02, 8.2094e-02, 2.4991e-03,
          8.7482e-04],
         [5.4970e-02, 2.3216e-02, 4.3339e-02, 2.1236e-03, 1.0096e-02,
          4.1824e-02],
         [4.1892e-02, 2.9821e-02, 4.8243e-02, 1.2706e-01, 5.6793e-02,
          2.5297e-03],
         [3.9287e-03, 2.3065e-02, 2.5623e-02, 4.9503e-02, 7.4089e-02,
          5.4225e-02],
         [6.5308e-02, 6.1710e-03, 1.0913e-01, 1.1421e-01, 1.8746e-01,
          3.5303e-02],
         [3.6211e-02, 1.4442e-04, 4.5426e-02, 2.7967e-01, 5.1318e-02,
          3.8755e-02],
         [2.1677e-02, 1.1993e-01, 1.6591e-02, 7.0067e-02, 1.0957e-01,
          7.1327e-02],
         [4.1570e-02, 1.0090e-02, 6.8401e-02, 4.7771e-02, 6.0439e-03,
          9.6283e-03],
         [4.2481e-02, 3.0043e-02, 4.9016e-02, 1.2833e-01, 5.7515e-02,
          3.0764e-03],
         [2.5483e-02, 1.2239e-01, 2.4991e-02, 7.2653e-02, 1.1697e-01,
          5.3055e-02],
         [3.8424e-02, 2.7817e-02, 5.4603e-02, 1.2052e-01, 4.7685e-02,
          9.3186e-03],
         [1.7848e-02, 1.6625e-02, 2.6631e-02, 3.7026e-03, 1.5701e-02,
          1.2319e-02],
         [2.8753e-02, 3.5040e-02, 1.8571e-01, 4.0355e-02, 3.6595e-03,
          2.3948e-02],
         [8.1446e-03, 9.5969e-02, 4.3827e-02, 6.1206e-02, 1.3825e-01,
          4.7370e-02],
         [1.6299e-02, 1.9371e-02, 3.4163e-02, 1.5894e-02, 5.0806e-03,
          7.2570e-02],
         [3.8500e-02, 2.0222e-02, 7.8865e-02, 5.8117e-02, 4.4744e-02,
          8.9846e-03],
         [3.5953e-02, 1.2743e-02, 7.6160e-02, 5.1740e-02, 7.7888e-03,
          9.5901e-03],
         [0.0000e+00, 2.0332e-02, 5.7315e-02, 6.2688e-02, 1.5270e-02,
          7.3873e-02],
         [4.2731e-03, 3.4109e-02, 5.7930e-02, 1.2614e-01, 6.5037e-03,
          7.8981e-03],
         [1.2710e-02, 1.1264e-01, 2.8829e-03, 2.7441e-04, 1.2124e-01,
          1.0848e-01],
         [1.3488e-02, 1.7019e-02, 2.6782e-02, 1.6971e-03, 2.3054e-03,
          2.5291e-02],
         [9.0451e-03, 3.9978e-02, 1.8761e-01, 6.1002e-02, 1.5307e-02,
          5.0509e-02],
         [3.7142e-02, 1.8133e-02, 9.3509e-02, 9.0170e-02, 1.9384e-02,
          1.2768e-02],
         [3.1151e-02, 6.0935e-03, 6.1595e-02, 8.8293e-02, 1.7548e-02,
          2.0930e-03],
         [6.0389e-02, 1.2194e-02, 6.0717e-02, 1.0554e-02, 1.7644e-01,
          1.2350e-01],
         [5.7842e-03, 9.9517e-02, 3.6890e-02, 5.4463e-02, 1.3626e-01,
          5.2388e-02],
         [2.1172e-02, 1.0945e-01, 7.3323e-03, 1.7846e-02, 1.2228e-01,
          1.2581e-01],
         [2.4776e-02, 1.5911e-02, 3.8447e-02, 9.5667e-03, 7.7439e-03,
          1.5154e-03],
         [3.3238e-02, 9.8988e-03, 3.5445e-02, 4.8900e-02, 6.5355e-02,
          1.4938e-01],
         [5.8830e-02, 2.1822e-02, 5.1265e-02, 1.7685e-02, 1.7157e-01,
          1.2472e-01],
         [4.1546e-02, 1.7895e-02, 9.2283e-02, 6.2612e-02, 5.7781e-02,
          3.1208e-03],
         [4.8142e-02, 1.7859e-02, 9.5133e-02, 1.3963e-01, 7.9655e-02,
          1.2240e-02],
         [1.1477e-02, 7.0110e-02, 1.4437e-02, 3.9995e-02, 9.5635e-02,
          1.3545e-01],
         [8.7166e-03, 3.2382e-02, 1.7743e-01, 5.5578e-02, 1.6079e-02,
          4.2068e-02],
         [3.4546e-02, 1.7033e-02, 6.2290e-02, 3.5766e-02, 5.6128e-03,
          1.3418e-02],
         [3.1050e-02, 3.5168e-02, 6.7130e-02, 2.7916e-02, 1.6620e-01,
          8.0995e-02],
         [3.1193e-02, 1.5988e-02, 5.5015e-02, 2.6878e-02, 1.4065e-02,
          5.7272e-04],
         [2.2949e-02, 5.8307e-02, 5.1808e-02, 3.4903e-02, 1.5771e-01,
          7.0923e-02],
         [1.4240e-03, 2.6865e-02, 6.2598e-02, 1.6973e-02, 2.3809e-02,
          1.2651e-01],
         [2.7343e-02, 6.1849e-03, 1.5291e-02, 7.5759e-02, 3.8283e-02,
          1.2980e-01],
         [5.6476e-02, 2.1615e-02, 7.8666e-02, 1.2611e-01, 5.7159e-02,
          2.2955e-02]]], device='cuda:0', grad_fn=<AbsBackward0>)
